This is pdfTeX, Version 3.14159265-2.6-1.40.21 (MiKTeX 2.9.7380 64-bit) (preloaded format=pdflatex 2020.5.9)  12 JUN 2021 23:25
entering extended mode
**./modeles4.tex
(modeles4.tex
LaTeX2e <2020-02-02> patch level 5
L3 programming layer <2020-04-06> ("C:\Program Files\MiKTeX 2.9\tex/latex/base\
article.cls"
Document Class: article 2019/12/20 v1.4l Standard LaTeX document class
("C:\Program Files\MiKTeX 2.9\tex/latex/base\size11.clo"
File: size11.clo 2019/12/20 v1.4l Standard LaTeX file (size option)
)
\c@part=\count167
\c@section=\count168
\c@subsection=\count169
\c@subsubsection=\count170
\c@paragraph=\count171
\c@subparagraph=\count172
\c@figure=\count173
\c@table=\count174
\abovecaptionskip=\skip47
\belowcaptionskip=\skip48
\bibindent=\dimen134
) ("C:\Program Files\MiKTeX 2.9\tex/latex/amsmath\amsmath.sty"
Package: amsmath 2020/01/20 v2.17e AMS math features
\@mathmargin=\skip49
For additional information on amsmath, use the `?' option.
("C:\Program Files\MiKTeX 2.9\tex/latex/amsmath\amstext.sty"
Package: amstext 2000/06/29 v2.01 AMS text
("C:\Program Files\MiKTeX 2.9\tex/latex/amsmath\amsgen.sty"
File: amsgen.sty 1999/11/30 v2.0 generic functions
\@emptytoks=\toks15
\ex@=\dimen135
)) ("C:\Program Files\MiKTeX 2.9\tex/latex/amsmath\amsbsy.sty"
Package: amsbsy 1999/11/29 v1.2d Bold Symbols
\pmbraise@=\dimen136
) ("C:\Program Files\MiKTeX 2.9\tex/latex/amsmath\amsopn.sty"
Package: amsopn 2016/03/08 v2.02 operator names
)
\inf@bad=\count175
LaTeX Info: Redefining \frac on input line 227.
\uproot@=\count176
\leftroot@=\count177
LaTeX Info: Redefining \overline on input line 389.
\classnum@=\count178
\DOTSCASE@=\count179
LaTeX Info: Redefining \ldots on input line 486.
LaTeX Info: Redefining \dots on input line 489.
LaTeX Info: Redefining \cdots on input line 610.
\Mathstrutbox@=\box45
\strutbox@=\box46
\big@size=\dimen137
LaTeX Font Info:    Redeclaring font encoding OML on input line 733.
LaTeX Font Info:    Redeclaring font encoding OMS on input line 734.
\macc@depth=\count180
\c@MaxMatrixCols=\count181
\dotsspace@=\muskip16
\c@parentequation=\count182
\dspbrk@lvl=\count183
\tag@help=\toks16
\row@=\count184
\column@=\count185
\maxfields@=\count186
\andhelp@=\toks17
\eqnshift@=\dimen138
\alignsep@=\dimen139
\tagshift@=\dimen140
\tagwidth@=\dimen141
\totwidth@=\dimen142
\lineht@=\dimen143
\@envbody=\toks18
\multlinegap=\skip50
\multlinetaggap=\skip51
\mathdisplay@stack=\toks19
LaTeX Info: Redefining \[ on input line 2859.
LaTeX Info: Redefining \] on input line 2860.
) ("C:\Program Files\MiKTeX 2.9\tex/latex/amsfonts\amssymb.sty"
Package: amssymb 2013/01/14 v3.01 AMS font symbols
("C:\Program Files\MiKTeX 2.9\tex/latex/amsfonts\amsfonts.sty"
Package: amsfonts 2013/01/14 v3.01 Basic AMSFonts support
\symAMSa=\mathgroup4
\symAMSb=\mathgroup5
LaTeX Font Info:    Redeclaring math symbol \hbar on input line 98.
LaTeX Font Info:    Overwriting math alphabet `\mathfrak' in version `bold'
(Font)                  U/euf/m/n --> U/euf/b/n on input line 106.
)) ("C:\Program Files\MiKTeX 2.9\tex/latex/lm\lmodern.sty"
Package: lmodern 2009/10/30 v1.6 Latin Modern Fonts
LaTeX Font Info:    Overwriting symbol font `operators' in version `normal'
(Font)                  OT1/cmr/m/n --> OT1/lmr/m/n on input line 22.
LaTeX Font Info:    Overwriting symbol font `letters' in version `normal'
(Font)                  OML/cmm/m/it --> OML/lmm/m/it on input line 23.
LaTeX Font Info:    Overwriting symbol font `symbols' in version `normal'
(Font)                  OMS/cmsy/m/n --> OMS/lmsy/m/n on input line 24.
LaTeX Font Info:    Overwriting symbol font `largesymbols' in version `normal'
(Font)                  OMX/cmex/m/n --> OMX/lmex/m/n on input line 25.
LaTeX Font Info:    Overwriting symbol font `operators' in version `bold'
(Font)                  OT1/cmr/bx/n --> OT1/lmr/bx/n on input line 26.
LaTeX Font Info:    Overwriting symbol font `letters' in version `bold'
(Font)                  OML/cmm/b/it --> OML/lmm/b/it on input line 27.
LaTeX Font Info:    Overwriting symbol font `symbols' in version `bold'
(Font)                  OMS/cmsy/b/n --> OMS/lmsy/b/n on input line 28.
LaTeX Font Info:    Overwriting symbol font `largesymbols' in version `bold'
(Font)                  OMX/cmex/m/n --> OMX/lmex/m/n on input line 29.
LaTeX Font Info:    Overwriting math alphabet `\mathbf' in version `normal'
(Font)                  OT1/cmr/bx/n --> OT1/lmr/bx/n on input line 31.
LaTeX Font Info:    Overwriting math alphabet `\mathsf' in version `normal'
(Font)                  OT1/cmss/m/n --> OT1/lmss/m/n on input line 32.
LaTeX Font Info:    Overwriting math alphabet `\mathit' in version `normal'
(Font)                  OT1/cmr/m/it --> OT1/lmr/m/it on input line 33.
LaTeX Font Info:    Overwriting math alphabet `\mathtt' in version `normal'
(Font)                  OT1/cmtt/m/n --> OT1/lmtt/m/n on input line 34.
LaTeX Font Info:    Overwriting math alphabet `\mathbf' in version `bold'
(Font)                  OT1/cmr/bx/n --> OT1/lmr/bx/n on input line 35.
LaTeX Font Info:    Overwriting math alphabet `\mathsf' in version `bold'
(Font)                  OT1/cmss/bx/n --> OT1/lmss/bx/n on input line 36.
LaTeX Font Info:    Overwriting math alphabet `\mathit' in version `bold'
(Font)                  OT1/cmr/bx/it --> OT1/lmr/bx/it on input line 37.
LaTeX Font Info:    Overwriting math alphabet `\mathtt' in version `bold'
(Font)                  OT1/cmtt/m/n --> OT1/lmtt/m/n on input line 38.
) ("C:\Program Files\MiKTeX 2.9\tex/generic/iftex\ifxetex.sty"
Package: ifxetex 2019/10/25 v0.7 ifxetex legacy package. Use iftex instead.
("C:\Program Files\MiKTeX 2.9\tex/generic/iftex\iftex.sty"
Package: iftex 2020/03/06 v1.0d TeX engine tests
)) ("C:\Program Files\MiKTeX 2.9\tex/generic/iftex\ifluatex.sty"
Package: ifluatex 2019/10/25 v1.5 ifluatex legacy package. Use iftex instead.
) ("C:\Program Files\MiKTeX 2.9\tex/latex/base\fontenc.sty"
Package: fontenc 2020/02/11 v2.0o Standard LaTeX package
LaTeX Font Info:    Trying to load font information for T1+lmr on input line 11
2.
("C:\Program Files\MiKTeX 2.9\tex/latex/lm\t1lmr.fd"
File: t1lmr.fd 2009/10/30 v1.6 Font defs for Latin Modern
)) ("C:\Program Files\MiKTeX 2.9\tex/latex/base\inputenc.sty"
Package: inputenc 2018/08/11 v1.3c Input encoding file
\inpenc@prehook=\toks20
\inpenc@posthook=\toks21
) ("C:\Program Files\MiKTeX 2.9\tex/latex/base\textcomp.sty"
Package: textcomp 2020/02/02 v2.0n Standard LaTeX package
) ("C:\Program Files\MiKTeX 2.9\tex/latex/upquote\upquote.sty"
Package: upquote 2012/04/19 v1.3 upright-quote and grave-accent glyphs in verba
tim
) ("C:\Program Files\MiKTeX 2.9\tex/latex/microtype\microtype.sty"
Package: microtype 2019/11/18 v2.7d Micro-typographical refinements (RS)
("C:\Program Files\MiKTeX 2.9\tex/latex/graphics\keyval.sty"
Package: keyval 2014/10/28 v1.15 key=value parser (DPC)
\KV@toks@=\toks22
)
\MT@toks=\toks23
\MT@count=\count187
LaTeX Info: Redefining \textls on input line 790.
\MT@outer@kern=\dimen144
LaTeX Info: Redefining \textmicrotypecontext on input line 1354.
\MT@listname@count=\count188
("C:\Program Files\MiKTeX 2.9\tex/latex/microtype\microtype-pdftex.def"
File: microtype-pdftex.def 2019/11/18 v2.7d Definitions specific to pdftex (RS)

LaTeX Info: Redefining \lsstyle on input line 914.
LaTeX Info: Redefining \lslig on input line 914.
\MT@outer@space=\skip52
)
Package microtype Info: Loading configuration file microtype.cfg.
("C:\Program Files\MiKTeX 2.9\tex/latex/microtype\microtype.cfg"
File: microtype.cfg 2019/11/18 v2.7d microtype main configuration file (RS)
)) ("C:\Program Files\MiKTeX 2.9\tex/latex/parskip\parskip.sty"
Package: parskip 2020-01-22 v2.0d non-zero parskip adjustments
("C:\Program Files\MiKTeX 2.9\tex/latex/kvoptions\kvoptions.sty"
Package: kvoptions 2019/11/29 v3.13 Key value format for package options (HO)
("C:\Program Files\MiKTeX 2.9\tex/generic/ltxcmds\ltxcmds.sty"
Package: ltxcmds 2019/12/15 v1.24 LaTeX kernel commands for general use (HO)
) ("C:\Program Files\MiKTeX 2.9\tex/generic/kvsetkeys\kvsetkeys.sty"
Package: kvsetkeys 2019/12/15 v1.18 Key value parser (HO)
)) ("C:\Program Files\MiKTeX 2.9\tex/latex/etoolbox\etoolbox.sty"
Package: etoolbox 2019/09/21 v2.5h e-TeX tools for LaTeX (JAW)
\etb@tempcnta=\count189
)) ("C:\Program Files\MiKTeX 2.9\tex/latex/xcolor\xcolor.sty"
Package: xcolor 2016/05/11 v2.12 LaTeX color extensions (UK)
("C:\Program Files\MiKTeX 2.9\tex/latex/graphics-cfg\color.cfg"
File: color.cfg 2016/01/02 v1.6 sample color configuration
)
Package xcolor Info: Driver file: pdftex.def on input line 225.
("C:\Program Files\MiKTeX 2.9\tex/latex/graphics-def\pdftex.def"
File: pdftex.def 2018/01/08 v1.0l Graphics/color driver for pdftex
)
Package xcolor Info: Model `cmy' substituted by `cmy0' on input line 1348.
Package xcolor Info: Model `hsb' substituted by `rgb' on input line 1352.
Package xcolor Info: Model `RGB' extended on input line 1364.
Package xcolor Info: Model `HTML' substituted by `rgb' on input line 1366.
Package xcolor Info: Model `Hsb' substituted by `hsb' on input line 1367.
Package xcolor Info: Model `tHsb' substituted by `hsb' on input line 1368.
Package xcolor Info: Model `HSB' substituted by `hsb' on input line 1369.
Package xcolor Info: Model `Gray' substituted by `gray' on input line 1370.
Package xcolor Info: Model `wave' substituted by `hsb' on input line 1371.
) ("C:\Program Files\MiKTeX 2.9\tex/latex/xurl\xurl.sty"
Package: xurl 2020/01/24 v 0.09 modify URL breaks
("C:\Program Files\MiKTeX 2.9\tex/latex/url\url.sty"
\Urlmuskip=\muskip17
Package: url 2013/09/16  ver 3.4  Verb mode for urls, etc.
)) ("C:\Program Files\MiKTeX 2.9\tex/latex/bookmark\bookmark.sty"
Package: bookmark 2019/12/03 v1.28 PDF bookmarks (HO)
("C:\Program Files\MiKTeX 2.9\tex/latex/hyperref\hyperref.sty"
Package: hyperref 2020/01/14 v7.00d Hypertext links for LaTeX
("C:\Program Files\MiKTeX 2.9\tex/latex/pdftexcmds\pdftexcmds.sty"
Package: pdftexcmds 2019/11/24 v0.31 Utility functions of pdfTeX for LuaTeX (HO
)
("C:\Program Files\MiKTeX 2.9\tex/generic/infwarerr\infwarerr.sty"
Package: infwarerr 2019/12/03 v1.5 Providing info/warning/error messages (HO)
)
Package pdftexcmds Info: \pdf@primitive is available.
Package pdftexcmds Info: \pdf@ifprimitive is available.
Package pdftexcmds Info: \pdfdraftmode found.
) ("C:\Program Files\MiKTeX 2.9\tex/generic/kvdefinekeys\kvdefinekeys.sty"
Package: kvdefinekeys 2019-12-19 v1.6 Define keys (HO)
) ("C:\Program Files\MiKTeX 2.9\tex/generic/pdfescape\pdfescape.sty"
Package: pdfescape 2019/12/09 v1.15 Implements pdfTeX's escape features (HO)
) ("C:\Program Files\MiKTeX 2.9\tex/latex/hycolor\hycolor.sty"
Package: hycolor 2020-01-27 v1.10 Color options for hyperref/bookmark (HO)
) ("C:\Program Files\MiKTeX 2.9\tex/latex/letltxmacro\letltxmacro.sty"
Package: letltxmacro 2019/12/03 v1.6 Let assignment for LaTeX macros (HO)
) ("C:\Program Files\MiKTeX 2.9\tex/latex/auxhook\auxhook.sty"
Package: auxhook 2019-12-17 v1.6 Hooks for auxiliary files (HO)
)
\@linkdim=\dimen145
\Hy@linkcounter=\count190
\Hy@pagecounter=\count191
("C:\Program Files\MiKTeX 2.9\tex/latex/hyperref\pd1enc.def"
File: pd1enc.def 2020/01/14 v7.00d Hyperref: PDFDocEncoding definition (HO)
Now handling font encoding PD1 ...
... no UTF-8 mapping file for font encoding PD1
) ("C:\Program Files\MiKTeX 2.9\tex/generic/intcalc\intcalc.sty"
Package: intcalc 2019/12/15 v1.3 Expandable calculations with integers (HO)
) ("C:\Program Files\MiKTeX 2.9\tex/generic/etexcmds\etexcmds.sty"
Package: etexcmds 2019/12/15 v1.7 Avoid name clashes with e-TeX commands (HO)
)
\Hy@SavedSpaceFactor=\count192
Package hyperref Info: Option `unicode' set `true' on input line 4421.
("C:\Program Files\MiKTeX 2.9\tex/latex/hyperref\puenc.def"
File: puenc.def 2020/01/14 v7.00d Hyperref: PDF Unicode definition (HO)
Now handling font encoding PU ...
... no UTF-8 mapping file for font encoding PU
)
Package hyperref Info: Hyper figures OFF on input line 4547.
Package hyperref Info: Link nesting OFF on input line 4552.
Package hyperref Info: Hyper index ON on input line 4555.
Package hyperref Info: Plain pages OFF on input line 4562.
Package hyperref Info: Backreferencing OFF on input line 4567.
Package hyperref Info: Implicit mode ON; LaTeX internals redefined.
Package hyperref Info: Bookmarks ON on input line 4800.
\c@Hy@tempcnt=\count193
LaTeX Info: Redefining \url on input line 5159.
\XeTeXLinkMargin=\dimen146
("C:\Program Files\MiKTeX 2.9\tex/generic/bitset\bitset.sty"
Package: bitset 2019/12/09 v1.3 Handle bit-vector datatype (HO)
("C:\Program Files\MiKTeX 2.9\tex/generic/bigintcalc\bigintcalc.sty"
Package: bigintcalc 2019/12/15 v1.5 Expandable calculations on big integers (HO
)
))
\Fld@menulength=\count194
\Field@Width=\dimen147
\Fld@charsize=\dimen148
Package hyperref Info: Hyper figures OFF on input line 6430.
Package hyperref Info: Link nesting OFF on input line 6435.
Package hyperref Info: Hyper index ON on input line 6438.
Package hyperref Info: backreferencing OFF on input line 6445.
Package hyperref Info: Link coloring OFF on input line 6450.
Package hyperref Info: Link coloring with OCG OFF on input line 6455.
Package hyperref Info: PDF/A mode OFF on input line 6460.
LaTeX Info: Redefining \ref on input line 6500.
LaTeX Info: Redefining \pageref on input line 6504.
("C:\Program Files\MiKTeX 2.9\tex/generic/atbegshi\atbegshi.sty"
Package: atbegshi 2019/12/05 v1.19 At begin shipout hook (HO)
)
\Hy@abspage=\count195
\c@Item=\count196
\c@Hfootnote=\count197
)
Package hyperref Info: Driver (autodetected): hpdftex.
("C:\Program Files\MiKTeX 2.9\tex/latex/hyperref\hpdftex.def"
File: hpdftex.def 2020/01/14 v7.00d Hyperref driver for pdfTeX
("C:\Program Files\MiKTeX 2.9\tex/latex/atveryend\atveryend.sty"
Package: atveryend 2019-12-11 v1.11 Hooks at the very end of document (HO)
)
\Fld@listcount=\count198
\c@bookmark@seq@number=\count199
("C:\Program Files\MiKTeX 2.9\tex/latex/rerunfilecheck\rerunfilecheck.sty"
Package: rerunfilecheck 2019/12/05 v1.9 Rerun checks for auxiliary files (HO)
("C:\Program Files\MiKTeX 2.9\tex/generic/uniquecounter\uniquecounter.sty"
Package: uniquecounter 2019/12/15 v1.4 Provide unlimited unique counter (HO)
)
Package uniquecounter Info: New unique counter `rerunfilecheck' on input line 2
86.
)
\Hy@SectionHShift=\skip53
) ("C:\Program Files\MiKTeX 2.9\tex/latex/bookmark\bkm-pdftex.def"
File: bkm-pdftex.def 2019/12/03 v1.28 bookmark driver for pdfTeX (HO)
\BKM@id=\count266
)) ("C:\Program Files\MiKTeX 2.9\tex/latex/geometry\geometry.sty"
Package: geometry 2020/01/02 v5.9 Page Geometry
("C:\Program Files\MiKTeX 2.9\tex/generic/iftex\ifvtex.sty"
Package: ifvtex 2019/10/25 v1.7 ifvtex legacy package. Use iftex instead.
)
\Gm@cnth=\count267
\Gm@cntv=\count268
\c@Gm@tempcnt=\count269
\Gm@bindingoffset=\dimen149
\Gm@wd@mp=\dimen150
\Gm@odd@mp=\dimen151
\Gm@even@mp=\dimen152
\Gm@layoutwidth=\dimen153
\Gm@layoutheight=\dimen154
\Gm@layouthoffset=\dimen155
\Gm@layoutvoffset=\dimen156
\Gm@dimlist=\toks24
("C:\Program Files\MiKTeX 2.9\tex/latex/geometry\geometry.cfg")) ("C:\Program F
iles\MiKTeX 2.9\tex/latex/fancyvrb\fancyvrb.sty"
Package: fancyvrb 2020/01/13 v3.5 verbatim text (tvz,hv)
\FV@CodeLineNo=\count270
\FV@InFile=\read2
\FV@TabBox=\box47
\c@FancyVerbLine=\count271
\FV@StepNumber=\count272
\FV@OutFile=\write3
) ("C:\Program Files\MiKTeX 2.9\tex/latex/framed\framed.sty"
Package: framed 2011/10/22 v 0.96: framed or shaded text with page breaks
\OuterFrameSep=\skip54
\fb@frw=\dimen157
\fb@frh=\dimen158
\FrameRule=\dimen159
\FrameSep=\dimen160
) ("C:\Program Files\MiKTeX 2.9\tex/latex/tools\longtable.sty"
Package: longtable 2020/01/07 v4.13 Multi-page Table package (DPC)
\LTleft=\skip55
\LTright=\skip56
\LTpre=\skip57
\LTpost=\skip58
\LTchunksize=\count273
\LTcapwidth=\dimen161
\LT@head=\box48
\LT@firsthead=\box49
\LT@foot=\box50
\LT@lastfoot=\box51
\LT@cols=\count274
\LT@rows=\count275
\c@LT@tables=\count276
\c@LT@chunks=\count277
\LT@p@ftn=\toks25
) ("C:\Program Files\MiKTeX 2.9\tex/latex/booktabs\booktabs.sty"
Package: booktabs 2020/01/12 v1.61803398 Publication quality tables
\heavyrulewidth=\dimen162
\lightrulewidth=\dimen163
\cmidrulewidth=\dimen164
\belowrulesep=\dimen165
\belowbottomsep=\dimen166
\aboverulesep=\dimen167
\abovetopsep=\dimen168
\cmidrulesep=\dimen169
\cmidrulekern=\dimen170
\defaultaddspace=\dimen171
\@cmidla=\count278
\@cmidlb=\count279
\@aboverulesep=\dimen172
\@belowrulesep=\dimen173
\@thisruleclass=\count280
\@lastruleclass=\count281
\@thisrulewidth=\dimen174
) ("C:\Program Files\MiKTeX 2.9\tex/latex/tools\array.sty"
Package: array 2019/08/31 v2.4l Tabular extension package (FMi)
\col@sep=\dimen175
\ar@mcellbox=\box52
\extrarowheight=\dimen176
\NC@list=\toks26
\extratabsurround=\skip59
\backup@length=\skip60
\ar@cellbox=\box53
) ("C:\Program Files\MiKTeX 2.9\tex/latex/tools\calc.sty"
Package: calc 2017/05/25 v4.3 Infix arithmetic (KKT,FJ)
\calc@Acount=\count282
\calc@Bcount=\count283
\calc@Adimen=\dimen177
\calc@Bdimen=\dimen178
\calc@Askip=\skip61
\calc@Bskip=\skip62
LaTeX Info: Redefining \setlength on input line 80.
LaTeX Info: Redefining \addtolength on input line 81.
\calc@Ccount=\count284
\calc@Cskip=\skip63
) ("C:\Program Files\MiKTeX 2.9\tex/latex/footnotehyper\footnotehyper.sty"
Package: footnotehyper 2019/11/07 v1.1a hyperref aware footnote.sty (JFB)
\FNH@notes=\box54
\FNH@width=\dimen179
) ("C:\Program Files\MiKTeX 2.9\tex/latex/graphics\graphicx.sty"
Package: graphicx 2019/11/30 v1.2a Enhanced LaTeX Graphics (DPC,SPQR)
("C:\Program Files\MiKTeX 2.9\tex/latex/graphics\graphics.sty"
Package: graphics 2019/11/30 v1.4a Standard LaTeX Graphics (DPC,SPQR)
("C:\Program Files\MiKTeX 2.9\tex/latex/graphics\trig.sty"
Package: trig 2016/01/03 v1.10 sin cos tan (DPC)
) ("C:\Program Files\MiKTeX 2.9\tex/latex/graphics-cfg\graphics.cfg"
File: graphics.cfg 2016/06/04 v1.11 sample graphics configuration
)
Package graphics Info: Driver file: pdftex.def on input line 105.
)
\Gin@req@height=\dimen180
\Gin@req@width=\dimen181
) ("C:\Program Files\MiKTeX 2.9\tex/latex/tcolorbox\tcolorbox.sty"
Package: tcolorbox 2019/11/15 version 4.22 text color boxes
("C:\Program Files\MiKTeX 2.9\tex/latex/pgf/basiclayer\pgf.sty" ("C:\Program Fi
les\MiKTeX 2.9\tex/latex/pgf/utilities\pgfrcs.sty" ("C:\Program Files\MiKTeX 2.
9\tex/generic/pgf/utilities\pgfutil-common.tex"
\pgfutil@everybye=\toks27
\pgfutil@tempdima=\dimen182
\pgfutil@tempdimb=\dimen183

("C:\Program Files\MiKTeX 2.9\tex/generic/pgf/utilities\pgfutil-common-lists.te
x")) ("C:\Program Files\MiKTeX 2.9\tex/generic/pgf/utilities\pgfutil-latex.def"
\pgfutil@abb=\box55
("C:\Program Files\MiKTeX 2.9\tex/latex/ms\everyshi.sty"
Package: everyshi 2001/05/15 v3.00 EveryShipout Package (MS)
)) ("C:\Program Files\MiKTeX 2.9\tex/generic/pgf/utilities\pgfrcs.code.tex" ("C
:\Program Files\MiKTeX 2.9\tex/generic/pgf\pgf.revision.tex")
Package: pgfrcs 2020/01/08 v3.1.5b (3.1.5b)
))
Package: pgf 2020/01/08 v3.1.5b (3.1.5b)
("C:\Program Files\MiKTeX 2.9\tex/latex/pgf/basiclayer\pgfcore.sty" ("C:\Progra
m Files\MiKTeX 2.9\tex/latex/pgf/systemlayer\pgfsys.sty" ("C:\Program Files\MiK
TeX 2.9\tex/generic/pgf/systemlayer\pgfsys.code.tex"
Package: pgfsys 2020/01/08 v3.1.5b (3.1.5b)
("C:\Program Files\MiKTeX 2.9\tex/generic/pgf/utilities\pgfkeys.code.tex"
\pgfkeys@pathtoks=\toks28
\pgfkeys@temptoks=\toks29

("C:\Program Files\MiKTeX 2.9\tex/generic/pgf/utilities\pgfkeysfiltered.code.te
x"
\pgfkeys@tmptoks=\toks30
))
\pgf@x=\dimen184
\pgf@y=\dimen185
\pgf@xa=\dimen186
\pgf@ya=\dimen187
\pgf@xb=\dimen188
\pgf@yb=\dimen189
\pgf@xc=\dimen190
\pgf@yc=\dimen191
\pgf@xd=\dimen192
\pgf@yd=\dimen193
\w@pgf@writea=\write4
\r@pgf@reada=\read3
\c@pgf@counta=\count285
\c@pgf@countb=\count286
\c@pgf@countc=\count287
\c@pgf@countd=\count288
\t@pgf@toka=\toks31
\t@pgf@tokb=\toks32
\t@pgf@tokc=\toks33
\pgf@sys@id@count=\count289
("C:\Program Files\MiKTeX 2.9\tex/generic/pgf/systemlayer\pgf.cfg"
File: pgf.cfg 2020/01/08 v3.1.5b (3.1.5b)
)
Driver file for pgf: pgfsys-pdftex.def
("C:\Program Files\MiKTeX 2.9\tex/generic/pgf/systemlayer\pgfsys-pdftex.def"
File: pgfsys-pdftex.def 2020/01/08 v3.1.5b (3.1.5b)
("C:\Program Files\MiKTeX 2.9\tex/generic/pgf/systemlayer\pgfsys-common-pdf.def
"
File: pgfsys-common-pdf.def 2020/01/08 v3.1.5b (3.1.5b)
)))
("C:\Program Files\MiKTeX 2.9\tex/generic/pgf/systemlayer\pgfsyssoftpath.code.t
ex"
File: pgfsyssoftpath.code.tex 2020/01/08 v3.1.5b (3.1.5b)
\pgfsyssoftpath@smallbuffer@items=\count290
\pgfsyssoftpath@bigbuffer@items=\count291
)
("C:\Program Files\MiKTeX 2.9\tex/generic/pgf/systemlayer\pgfsysprotocol.code.t
ex"
File: pgfsysprotocol.code.tex 2020/01/08 v3.1.5b (3.1.5b)
)) ("C:\Program Files\MiKTeX 2.9\tex/generic/pgf/basiclayer\pgfcore.code.tex"
Package: pgfcore 2020/01/08 v3.1.5b (3.1.5b)
("C:\Program Files\MiKTeX 2.9\tex/generic/pgf/math\pgfmath.code.tex" ("C:\Progr
am Files\MiKTeX 2.9\tex/generic/pgf/math\pgfmathcalc.code.tex" ("C:\Program Fil
es\MiKTeX 2.9\tex/generic/pgf/math\pgfmathutil.code.tex") ("C:\Program Files\Mi
KTeX 2.9\tex/generic/pgf/math\pgfmathparser.code.tex"
\pgfmath@dimen=\dimen194
\pgfmath@count=\count292
\pgfmath@box=\box56
\pgfmath@toks=\toks34
\pgfmath@stack@operand=\toks35
\pgfmath@stack@operation=\toks36
) ("C:\Program Files\MiKTeX 2.9\tex/generic/pgf/math\pgfmathfunctions.code.tex"

("C:\Program Files\MiKTeX 2.9\tex/generic/pgf/math\pgfmathfunctions.basic.code.
tex")
("C:\Program Files\MiKTeX 2.9\tex/generic/pgf/math\pgfmathfunctions.trigonometr
ic.code.tex")
("C:\Program Files\MiKTeX 2.9\tex/generic/pgf/math\pgfmathfunctions.random.code
.tex")
("C:\Program Files\MiKTeX 2.9\tex/generic/pgf/math\pgfmathfunctions.comparison.
code.tex")
("C:\Program Files\MiKTeX 2.9\tex/generic/pgf/math\pgfmathfunctions.base.code.t
ex")
("C:\Program Files\MiKTeX 2.9\tex/generic/pgf/math\pgfmathfunctions.round.code.
tex")
("C:\Program Files\MiKTeX 2.9\tex/generic/pgf/math\pgfmathfunctions.misc.code.t
ex")
("C:\Program Files\MiKTeX 2.9\tex/generic/pgf/math\pgfmathfunctions.integerarit
hmetics.code.tex"))) ("C:\Program Files\MiKTeX 2.9\tex/generic/pgf/math\pgfmath
float.code.tex"
\c@pgfmathroundto@lastzeros=\count293
)) ("C:\Program Files\MiKTeX 2.9\tex/generic/pgf/math\pgfint.code.tex") ("C:\Pr
ogram Files\MiKTeX 2.9\tex/generic/pgf/basiclayer\pgfcorepoints.code.tex"
File: pgfcorepoints.code.tex 2020/01/08 v3.1.5b (3.1.5b)
\pgf@picminx=\dimen195
\pgf@picmaxx=\dimen196
\pgf@picminy=\dimen197
\pgf@picmaxy=\dimen198
\pgf@pathminx=\dimen199
\pgf@pathmaxx=\dimen256
\pgf@pathminy=\dimen257
\pgf@pathmaxy=\dimen258
\pgf@xx=\dimen259
\pgf@xy=\dimen260
\pgf@yx=\dimen261
\pgf@yy=\dimen262
\pgf@zx=\dimen263
\pgf@zy=\dimen264
)
("C:\Program Files\MiKTeX 2.9\tex/generic/pgf/basiclayer\pgfcorepathconstruct.c
ode.tex"
File: pgfcorepathconstruct.code.tex 2020/01/08 v3.1.5b (3.1.5b)
\pgf@path@lastx=\dimen265
\pgf@path@lasty=\dimen266
)
("C:\Program Files\MiKTeX 2.9\tex/generic/pgf/basiclayer\pgfcorepathusage.code.
tex"
File: pgfcorepathusage.code.tex 2020/01/08 v3.1.5b (3.1.5b)
\pgf@shorten@end@additional=\dimen267
\pgf@shorten@start@additional=\dimen268
) ("C:\Program Files\MiKTeX 2.9\tex/generic/pgf/basiclayer\pgfcorescopes.code.t
ex"
File: pgfcorescopes.code.tex 2020/01/08 v3.1.5b (3.1.5b)
\pgfpic=\box57
\pgf@hbox=\box58
\pgf@layerbox@main=\box59
\pgf@picture@serial@count=\count294
)
("C:\Program Files\MiKTeX 2.9\tex/generic/pgf/basiclayer\pgfcoregraphicstate.co
de.tex"
File: pgfcoregraphicstate.code.tex 2020/01/08 v3.1.5b (3.1.5b)
\pgflinewidth=\dimen269
)
("C:\Program Files\MiKTeX 2.9\tex/generic/pgf/basiclayer\pgfcoretransformations
.code.tex"
File: pgfcoretransformations.code.tex 2020/01/08 v3.1.5b (3.1.5b)
\pgf@pt@x=\dimen270
\pgf@pt@y=\dimen271
\pgf@pt@temp=\dimen272
) ("C:\Program Files\MiKTeX 2.9\tex/generic/pgf/basiclayer\pgfcorequick.code.te
x"
File: pgfcorequick.code.tex 2020/01/08 v3.1.5b (3.1.5b)
)
("C:\Program Files\MiKTeX 2.9\tex/generic/pgf/basiclayer\pgfcoreobjects.code.te
x"
File: pgfcoreobjects.code.tex 2020/01/08 v3.1.5b (3.1.5b)
)
("C:\Program Files\MiKTeX 2.9\tex/generic/pgf/basiclayer\pgfcorepathprocessing.
code.tex"
File: pgfcorepathprocessing.code.tex 2020/01/08 v3.1.5b (3.1.5b)
) ("C:\Program Files\MiKTeX 2.9\tex/generic/pgf/basiclayer\pgfcorearrows.code.t
ex"
File: pgfcorearrows.code.tex 2020/01/08 v3.1.5b (3.1.5b)
\pgfarrowsep=\dimen273
) ("C:\Program Files\MiKTeX 2.9\tex/generic/pgf/basiclayer\pgfcoreshade.code.te
x"
File: pgfcoreshade.code.tex 2020/01/08 v3.1.5b (3.1.5b)
\pgf@max=\dimen274
\pgf@sys@shading@range@num=\count295
\pgf@shadingcount=\count296
) ("C:\Program Files\MiKTeX 2.9\tex/generic/pgf/basiclayer\pgfcoreimage.code.te
x"
File: pgfcoreimage.code.tex 2020/01/08 v3.1.5b (3.1.5b)

("C:\Program Files\MiKTeX 2.9\tex/generic/pgf/basiclayer\pgfcoreexternal.code.t
ex"
File: pgfcoreexternal.code.tex 2020/01/08 v3.1.5b (3.1.5b)
\pgfexternal@startupbox=\box60
)) ("C:\Program Files\MiKTeX 2.9\tex/generic/pgf/basiclayer\pgfcorelayers.code.
tex"
File: pgfcorelayers.code.tex 2020/01/08 v3.1.5b (3.1.5b)
)
("C:\Program Files\MiKTeX 2.9\tex/generic/pgf/basiclayer\pgfcoretransparency.co
de.tex"
File: pgfcoretransparency.code.tex 2020/01/08 v3.1.5b (3.1.5b)
)
("C:\Program Files\MiKTeX 2.9\tex/generic/pgf/basiclayer\pgfcorepatterns.code.t
ex"
File: pgfcorepatterns.code.tex 2020/01/08 v3.1.5b (3.1.5b)
) ("C:\Program Files\MiKTeX 2.9\tex/generic/pgf/basiclayer\pgfcorerdf.code.tex"
File: pgfcorerdf.code.tex 2020/01/08 v3.1.5b (3.1.5b)
))) ("C:\Program Files\MiKTeX 2.9\tex/generic/pgf/modules\pgfmoduleshapes.code.
tex"
File: pgfmoduleshapes.code.tex 2020/01/08 v3.1.5b (3.1.5b)
\pgfnodeparttextbox=\box61
) ("C:\Program Files\MiKTeX 2.9\tex/generic/pgf/modules\pgfmoduleplot.code.tex"
File: pgfmoduleplot.code.tex 2020/01/08 v3.1.5b (3.1.5b)
)
("C:\Program Files\MiKTeX 2.9\tex/latex/pgf/compatibility\pgfcomp-version-0-65.
sty"
Package: pgfcomp-version-0-65 2020/01/08 v3.1.5b (3.1.5b)
\pgf@nodesepstart=\dimen275
\pgf@nodesepend=\dimen276
)
("C:\Program Files\MiKTeX 2.9\tex/latex/pgf/compatibility\pgfcomp-version-1-18.
sty"
Package: pgfcomp-version-1-18 2020/01/08 v3.1.5b (3.1.5b)
)) ("C:\Program Files\MiKTeX 2.9\tex/latex/tools\verbatim.sty"
Package: verbatim 2019/11/10 v1.5r LaTeX2e package for verbatim enhancements
\every@verbatim=\toks37
\verbatim@line=\toks38
\verbatim@in@stream=\read4
) ("C:\Program Files\MiKTeX 2.9\tex/latex/environ\environ.sty"
Package: environ 2014/05/04 v0.3 A new way to define environments
("C:\Program Files\MiKTeX 2.9\tex/latex/trimspaces\trimspaces.sty"
Package: trimspaces 2009/09/17 v1.1 Trim spaces around a token list
))
\tcb@titlebox=\box62
\tcb@upperbox=\box63
\tcb@lowerbox=\box64
\tcb@phantombox=\box65
\c@tcbbreakpart=\count297
\c@tcblayer=\count298
\tcolorbox@number=\count299
\tcb@temp=\box66
\tcb@temp=\box67
\tcb@temp=\box68
\tcb@temp=\box69
\tcb@out=\write5
\tcb@record@out=\write6
) ("C:\Program Files\MiKTeX 2.9\tex/latex/fontawesome5\fontawesome5.sty" ("C:\P
rogram Files\MiKTeX 2.9\tex/latex/l3kernel\expl3.sty"
Package: expl3 2020-04-06 L3 programming layer (loader) 
("C:\Program Files\MiKTeX 2.9\tex/latex/l3backend\l3backend-pdfmode.def"
File: l3backend-pdfmode.def 2020-03-12 L3 backend support: PDF mode
\l__kernel_color_stack_int=\count300
\l__pdf_internal_box=\box70
))
Package: fontawesome5 2020/03/24 v5.13.0 Font Awesome 5
("C:\Program Files\MiKTeX 2.9\tex/latex/l3packages/l3keys2e\l3keys2e.sty"
Package: l3keys2e 2020-03-06 LaTeX2e option processing using LaTeX3 keys
) ("C:\Program Files\MiKTeX 2.9\tex/latex/l3packages/xparse\xparse.sty"
Package: xparse 2020-03-06 L3 Experimental document command parser
\l__xparse_current_arg_int=\count301
\g__xparse_grabber_int=\count302
\l__xparse_m_args_int=\count303
\l__xparse_v_nesting_int=\count304
)
("C:\Program Files\MiKTeX 2.9\tex/latex/fontawesome5\fontawesome5-generic-helpe
r.sty"
Package: fontawesome5-generic-helper 2020/03/24 v5.13.0 non-uTeX helper for fon
tawesome5
("C:\Program Files\MiKTeX 2.9\tex/latex/fontawesome5\fontawesome5-mapping.def")
)) ("C:\Program Files\MiKTeX 2.9\tex/latex/multirow\multirow.sty"
Package: multirow 2019/05/31 v2.5 Span multiple rows of a table
\multirow@colwidth=\skip64
\multirow@cntb=\count305
\multirow@dima=\skip65
\bigstrutjot=\dimen277
) ("C:\Program Files\MiKTeX 2.9\tex/latex/wrapfig\wrapfig.sty"
\wrapoverhang=\dimen278
\WF@size=\dimen279
\c@WF@wrappedlines=\count306
\WF@box=\box71
\WF@everypar=\toks39
Package: wrapfig 2003/01/31  v 3.6
) ("C:\Program Files\MiKTeX 2.9\tex/latex/float\float.sty"
Package: float 2001/11/08 v1.3d Float enhancements (AL)
\c@float@type=\count307
\float@exts=\toks40
\float@box=\box72
\@float@everytoks=\toks41
\@floatcapt=\box73
) ("C:\Program Files\MiKTeX 2.9\tex/latex/colortbl\colortbl.sty"
Package: colortbl 2020/01/04 v1.0e Color table columns (DPC)
\everycr=\toks42
\minrowclearance=\skip66
) ("C:\Program Files\MiKTeX 2.9\tex/latex/pdflscape\pdflscape.sty"
Package: pdflscape 2019/12/05 v0.12 Display of landscape pages in PDF (HO)
("C:\Program Files\MiKTeX 2.9\tex/latex/graphics\lscape.sty"
Package: lscape 2000/10/22 v3.01 Landscape Pages (DPC)
)
Package pdflscape Info: Auto-detected driver: pdftex on input line 81.
) ("C:\Program Files\MiKTeX 2.9\tex/latex/tabu\tabu.sty"
Package: tabu 2019/01/11 v2.9 - flexible LaTeX tabulars (FC+tabu-fixed)
("C:\Program Files\MiKTeX 2.9\tex/latex/varwidth\varwidth.sty"
Package: varwidth 2009/03/30 ver 0.92;  Variable-width minipages
\@vwid@box=\box74
\sift@deathcycles=\count308
\@vwid@loff=\dimen280
\@vwid@roff=\dimen281
)
\c@taburow=\count309
\tabu@nbcols=\count310
\tabu@cnt=\count311
\tabu@Xcol=\count312
\tabu@alloc=\count313
\tabu@nested=\count314
\tabu@target=\dimen282
\tabu@spreadtarget=\dimen283
\tabu@naturalX=\dimen284
\tabucolX=\dimen285
\tabu@Xsum=\dimen286
\extrarowdepth=\dimen287
\abovetabulinesep=\dimen288
\belowtabulinesep=\dimen289
\tabustrutrule=\dimen290
\tabu@thebody=\toks43
\tabu@footnotes=\toks44
\tabu@box=\box75
\tabu@arstrutbox=\box76
\tabu@hleads=\box77
\tabu@vleads=\box78
\tabu@cellskip=\skip67
) ("C:\Program Files\MiKTeX 2.9\tex/latex/threeparttable\threeparttable.sty"
Package: threeparttable 2003/06/13  v 3.0
\@tempboxb=\box79
) ("C:\Program Files\MiKTeX 2.9\tex/latex/threeparttablex\threeparttablex.sty"
Package: threeparttablex 2013/07/23 v0.3 by daleif
\TPTL@width=\skip68
) ("C:\Program Files\MiKTeX 2.9\tex/latex/ulem\ulem.sty"
\UL@box=\box80
\UL@hyphenbox=\box81
\UL@skip=\skip69
\UL@hook=\toks45
\UL@height=\dimen291
\UL@pe=\count315
\UL@pixel=\dimen292
\ULC@box=\box82
Package: ulem 2019/11/18
\ULdepth=\dimen293
) ("C:\Program Files\MiKTeX 2.9\tex/latex/makecell\makecell.sty"
Package: makecell 2009/08/03 V0.1e Managing of Tab Column Heads and Cells
\rotheadsize=\dimen294
\c@nlinenum=\count316
\TeXr@lab=\toks46
) ("C:\Program Files\MiKTeX 2.9\tex/generic/babel\babel.sty"
Package: babel 2020/03/22 3.42 The Babel package
("C:\Program Files\MiKTeX 2.9\tex/generic/babel\switch.def"
File: switch.def 2020/03/22 3.42 Babel switching mechanism
)
*************************************
* Local config file bblopts.cfg used
*
("C:\Program Files\MiKTeX 2.9\tex/latex/arabi\bblopts.cfg"
File: bblopts.cfg 2005/09/08 v0.1 add Arabic and Farsi to "declared" options of
 babel
) ("C:\Program Files\MiKTeX 2.9\tex/generic/babel-french\french.ldf"
Language: french 2020/01/30 v3.5g French support from the babel system
("C:\Program Files\MiKTeX 2.9\tex/generic/babel\babel.def"
File: babel.def 2020/03/22 3.42 Babel common definitions
\babel@savecnt=\count317
\U@D=\dimen295
("C:\Program Files\MiKTeX 2.9\tex/generic/babel\txtbabel.def")
\bbl@readstream=\read5
\bbl@dirlevel=\count318
)
Package babel Info: \l@acadian = using hyphenrules for french
(babel)             (\language24) on input line 91.
Package babel Info: \l@canadien = using hyphenrules for french
(babel)             (\language24) on input line 92.
\FB@nonchar=\count319
Package babel Info: Making : an active character on input line 419.
Package babel Info: Making ; an active character on input line 420.
Package babel Info: Making ! an active character on input line 421.
Package babel Info: Making ? an active character on input line 422.
\FBguill@level=\count320
\FBold@everypar=\toks47
\FB@Mht=\dimen296
\mc@charclass=\count321
\mc@charfam=\count322
\mc@charslot=\count323
\std@mcc=\count324
\dec@mcc=\count325
\c@FBcaption@count=\count326
\listindentFB=\dimen297
\descindentFB=\dimen298
\labelindentFB=\dimen299
\labelwidthFB=\dimen300
\leftmarginFB=\dimen301
\parindentFFN=\dimen302
\FBfnindent=\dimen303
)) ("C:\Program Files\MiKTeX 2.9\tex/latex/carlisle\scalefnt.sty") (modeles4.au
x)
\openout1 = `modeles4.aux'.

LaTeX Font Info:    Checking defaults for OML/cmm/m/it on input line 154.
LaTeX Font Info:    ... okay on input line 154.
LaTeX Font Info:    Checking defaults for OMS/cmsy/m/n on input line 154.
LaTeX Font Info:    ... okay on input line 154.
LaTeX Font Info:    Checking defaults for OT1/cmr/m/n on input line 154.
LaTeX Font Info:    ... okay on input line 154.
LaTeX Font Info:    Checking defaults for T1/cmr/m/n on input line 154.
LaTeX Font Info:    ... okay on input line 154.
LaTeX Font Info:    Checking defaults for TS1/cmr/m/n on input line 154.
LaTeX Font Info:    ... okay on input line 154.
LaTeX Font Info:    Checking defaults for OMX/cmex/m/n on input line 154.
LaTeX Font Info:    ... okay on input line 154.
LaTeX Font Info:    Checking defaults for U/cmr/m/n on input line 154.
LaTeX Font Info:    ... okay on input line 154.
LaTeX Font Info:    Checking defaults for PD1/pdf/m/n on input line 154.
LaTeX Font Info:    ... okay on input line 154.
LaTeX Font Info:    Checking defaults for PU/pdf/m/n on input line 154.
LaTeX Font Info:    ... okay on input line 154.
LaTeX Info: Redefining \microtypecontext on input line 154.
Package microtype Info: Generating PDF output.
Package microtype Info: Character protrusion enabled (level 2).
Package microtype Info: Using protrusion set `basicmath'.
Package microtype Info: Automatic font expansion enabled (level 2),
(microtype)             stretch: 20, shrink: 20, step: 1, non-selected.
Package microtype Info: Using default expansion set `basictext'.
LaTeX Info: Redefining \showhyphens on input line 154.
Package microtype Info: No adjustment of tracking.
Package microtype Info: No adjustment of interword spacing.
Package microtype Info: No adjustment of character kerning.
("C:\Program Files\MiKTeX 2.9\tex/latex/microtype\mt-cmr.cfg"
File: mt-cmr.cfg 2013/05/19 v2.2 microtype config. file: Computer Modern Roman 
(RS)
) ("C:\Program Files\MiKTeX 2.9\tex/context/base/mkii\supp-pdf.mkii"
[Loading MPS to PDF converter (version 2006.09.02).]
\scratchcounter=\count327
\scratchdimen=\dimen304
\scratchbox=\box83
\nofMPsegments=\count328
\nofMParguments=\count329
\everyMPshowfont=\toks48
\MPscratchCnt=\count330
\MPscratchDim=\dimen305
\MPnumerator=\count331
\makeMPintoPDFobject=\count332
\everyMPtoPDFconversion=\toks49
) ("C:\Program Files\MiKTeX 2.9\tex/latex/epstopdf-pkg\epstopdf-base.sty"
Package: epstopdf-base 2020-01-24 v2.11 Base part for package epstopdf
Package epstopdf-base Info: Redefining graphics rule for `.eps' on input line 4
85.
)
\AtBeginShipoutBox=\box84
Package hyperref Info: Link coloring OFF on input line 154.
("C:\Program Files\MiKTeX 2.9\tex/latex/hyperref\nameref.sty"
Package: nameref 2019/09/16 v2.46 Cross-referencing by name of section
("C:\Program Files\MiKTeX 2.9\tex/latex/refcount\refcount.sty"
Package: refcount 2019/12/15 v3.6 Data extraction from label references (HO)
) ("C:\Program Files\MiKTeX 2.9\tex/generic/gettitlestring\gettitlestring.sty"
Package: gettitlestring 2019/12/15 v1.6 Cleanup title references (HO)
)
\c@section@level=\count333
)
LaTeX Info: Redefining \ref on input line 154.
LaTeX Info: Redefining \pageref on input line 154.
LaTeX Info: Redefining \nameref on input line 154.
*geometry* driver: auto-detecting
*geometry* detected driver: pdftex
*geometry* verbose mode - [ preamble ] result:
* driver: pdftex
* paper: <default>
* layout: <same size as paper>
* layoutoffset:(h,v)=(0.0pt,0.0pt)
* modes: 
* h-part:(L,W,R)=(65.04256pt, 484.20988pt, 65.04256pt)
* v-part:(T,H,B)=(65.04256pt, 664.88487pt, 65.04256pt)
* \paperwidth=614.295pt
* \paperheight=794.96999pt
* \textwidth=484.20988pt
* \textheight=664.88487pt
* \oddsidemargin=-7.22743pt
* \evensidemargin=-7.22743pt
* \topmargin=-44.22743pt
* \headheight=12.0pt
* \headsep=25.0pt
* \topskip=11.0pt
* \footskip=30.0pt
* \marginparwidth=59.0pt
* \marginparsep=10.0pt
* \columnsep=10.0pt
* \skip\footins=10.0pt plus 4.0pt minus 2.0pt
* \hoffset=0.0pt
* \voffset=0.0pt
* \mag=1000
* \@twocolumnfalse
* \@twosidefalse
* \@mparswitchfalse
* \@reversemarginfalse
* (1in=72.27pt=25.4mm, 1cm=28.453pt)

ABD: EveryShipout initializing macros
LaTeX Info: Redefining \degres on input line 154.
LaTeX Info: Redefining \dots on input line 154.
LaTeX Info: Redefining \up on input line 154.
LaTeX Font Info:    Trying to load font information for TS1+lmr on input line 1
56.
("C:\Program Files\MiKTeX 2.9\tex/latex/lm\ts1lmr.fd"
File: ts1lmr.fd 2009/10/30 v1.6 Font defs for Latin Modern
)
LaTeX Font Info:    Trying to load font information for OT1+lmr on input line 1
56.
("C:\Program Files\MiKTeX 2.9\tex/latex/lm\ot1lmr.fd"
File: ot1lmr.fd 2009/10/30 v1.6 Font defs for Latin Modern
)
LaTeX Font Info:    Trying to load font information for OML+lmm on input line 1
56.
("C:\Program Files\MiKTeX 2.9\tex/latex/lm\omllmm.fd"
File: omllmm.fd 2009/10/30 v1.6 Font defs for Latin Modern
)
LaTeX Font Info:    Trying to load font information for OMS+lmsy on input line 
156.
("C:\Program Files\MiKTeX 2.9\tex/latex/lm\omslmsy.fd"
File: omslmsy.fd 2009/10/30 v1.6 Font defs for Latin Modern
)
LaTeX Font Info:    Trying to load font information for OMX+lmex on input line 
156.
("C:\Program Files\MiKTeX 2.9\tex/latex/lm\omxlmex.fd"
File: omxlmex.fd 2009/10/30 v1.6 Font defs for Latin Modern
)
LaTeX Font Info:    External font `lmex10' loaded for size
(Font)              <12> on input line 156.
LaTeX Font Info:    External font `lmex10' loaded for size
(Font)              <8> on input line 156.
LaTeX Font Info:    External font `lmex10' loaded for size
(Font)              <6> on input line 156.
LaTeX Font Info:    Trying to load font information for U+msa on input line 156
.
("C:\Program Files\MiKTeX 2.9\tex/latex/amsfonts\umsa.fd"
File: umsa.fd 2013/01/14 v3.01 AMS symbols A
) ("C:\Program Files\MiKTeX 2.9\tex/latex/microtype\mt-msa.cfg"
File: mt-msa.cfg 2006/02/04 v1.1 microtype config. file: AMS symbols (a) (RS)
)
LaTeX Font Info:    Trying to load font information for U+msb on input line 156
.
("C:\Program Files\MiKTeX 2.9\tex/latex/amsfonts\umsb.fd"
File: umsb.fd 2013/01/14 v3.01 AMS symbols B
) ("C:\Program Files\MiKTeX 2.9\tex/latex/microtype\mt-msb.cfg"
File: mt-msb.cfg 2005/06/01 v1.0 microtype config. file: AMS symbols (b) (RS)
) (modeles4.toc
LaTeX Font Info:    External font `lmex10' loaded for size
(Font)              <10.95> on input line 5.
)
\tf@toc=\write7
\openout7 = `modeles4.toc'.


LaTeX Warning: Reference `infminidecal' on page 1 undefined on input line 191.

[1

{C:/Users/Kim Antunez/AppData/Local/MiKTeX/2.9/pdftex/config/pdftex.map}] [2]
LaTeX Font Info:    Trying to load font information for T1+lmtt on input line 2
22.
("C:\Program Files\MiKTeX 2.9\tex/latex/lm\t1lmtt.fd"
File: t1lmtt.fd 2009/10/30 v1.6 Font defs for Latin Modern
)
LaTeX Font Info:    Trying to load font information for U+fontawesomefree0 on i
nput line 247.
("C:\Program Files\MiKTeX 2.9\tex/latex/fontawesome5\ufontawesomefree0.fd") [3]
[4] [5] [6] [7] [8] [9] [10] [11] [12] [13] [14] [15]
Overfull \vbox (5.97481pt too high) has occurred while \output is active []

[16] [17] [18] [19] [20] [21] [22] [23] [24] [25] [26] [27] [28] [29] [30] [31]
[32] [33]
Overfull \hbox (26.62265pt too wide) in alignment at lines 2235--2239
 [] [] [] [] [] 
 []


Overfull \hbox (26.62265pt too wide) in alignment at lines 2239--2244
 [] [] [] [] [] 
 []


Overfull \hbox (26.62265pt too wide) in alignment at lines 2244--2246
 [] [] [] [] [] 
 []


Overfull \hbox (26.62265pt too wide) in alignment at lines 2246--2251
 [] [] [] [] [] 
 []


Overfull \hbox (26.62265pt too wide) in alignment at lines 2251--2259
 [] [] [] [] [] 
 []

[34]
Overfull \hbox (26.62265pt too wide) in alignment at lines 2267--2271
 [] [] [] [] [] 
 []


Overfull \hbox (26.62265pt too wide) in alignment at lines 2271--2276
 [] [] [] [] [] 
 []


Overfull \hbox (26.62265pt too wide) in alignment at lines 2276--2278
 [] [] [] [] [] 
 []


Overfull \hbox (26.62265pt too wide) in alignment at lines 2278--2283
 [] [] [] [] [] 
 []


Overfull \hbox (26.62265pt too wide) in alignment at lines 2283--2301
 [] [] [] [] [] 
 []


Overfull \hbox (26.62265pt too wide) in alignment at lines 2309--2313
 [] [] [] [] [] 
 []


Overfull \hbox (26.62265pt too wide) in alignment at lines 2313--2318
 [] [] [] [] [] 
 []


Overfull \hbox (26.62265pt too wide) in alignment at lines 2318--2320
 [] [] [] [] [] 
 []


Overfull \hbox (26.62265pt too wide) in alignment at lines 2320--2325
 [] [] [] [] [] 
 []


Overfull \hbox (26.62265pt too wide) in alignment at lines 2325--2329
 [] [] [] [] [] 
 []

[35]
Overfull \hbox (26.62265pt too wide) in alignment at lines 2337--2341
 [] [] [] [] [] 
 []


Overfull \hbox (26.62265pt too wide) in alignment at lines 2341--2346
 [] [] [] [] [] 
 []


Overfull \hbox (26.62265pt too wide) in alignment at lines 2346--2348
 [] [] [] [] [] 
 []


Overfull \hbox (26.62265pt too wide) in alignment at lines 2348--2353
 [] [] [] [] [] 
 []


Overfull \hbox (26.62265pt too wide) in alignment at lines 2353--2358
 [] [] [] [] [] 
 []


Overfull \hbox (26.62265pt too wide) in alignment at lines 2366--2370
 [] [] [] [] [] 
 []


Overfull \hbox (26.62265pt too wide) in alignment at lines 2370--2375
 [] [] [] [] [] 
 []


Overfull \hbox (26.62265pt too wide) in alignment at lines 2375--2377
 [] [] [] [] [] 
 []


Overfull \hbox (26.62265pt too wide) in alignment at lines 2377--2382
 [] [] [] [] [] 
 []


Overfull \hbox (26.62265pt too wide) in alignment at lines 2382--2392
 [] [] [] [] [] 
 []


Overfull \hbox (26.62265pt too wide) in alignment at lines 2400--2404
 [] [] [] [] [] 
 []


Overfull \hbox (26.62265pt too wide) in alignment at lines 2404--2409
 [] [] [] [] [] 
 []


Overfull \hbox (26.62265pt too wide) in alignment at lines 2409--2411
 [] [] [] [] [] 
 []


Overfull \hbox (26.62265pt too wide) in alignment at lines 2411--2416
 [] [] [] [] [] 
 []


Overfull \hbox (26.62265pt too wide) in alignment at lines 2416--2426
 [] [] [] [] [] 
 []

[36]
Overfull \hbox (26.62265pt too wide) in alignment at lines 2434--2438
 [] [] [] [] [] 
 []


Overfull \hbox (26.62265pt too wide) in alignment at lines 2438--2443
 [] [] [] [] [] 
 []


Overfull \hbox (26.62265pt too wide) in alignment at lines 2443--2445
 [] [] [] [] [] 
 []


Overfull \hbox (26.62265pt too wide) in alignment at lines 2445--2450
 [] [] [] [] [] 
 []


Overfull \hbox (26.62265pt too wide) in alignment at lines 2450--2464
 [] [] [] [] [] 
 []


Overfull \hbox (26.62265pt too wide) in alignment at lines 2472--2476
 [] [] [] [] [] 
 []


Overfull \hbox (26.62265pt too wide) in alignment at lines 2476--2481
 [] [] [] [] [] 
 []


Overfull \hbox (26.62265pt too wide) in alignment at lines 2481--2483
 [] [] [] [] [] 
 []


Overfull \hbox (26.62265pt too wide) in alignment at lines 2483--2488
 [] [] [] [] [] 
 []


Overfull \hbox (26.62265pt too wide) in alignment at lines 2488--2502
 [] [] [] [] [] 
 []

[37]
Overfull \hbox (26.62265pt too wide) in alignment at lines 2510--2514
 [] [] [] [] [] 
 []


Overfull \hbox (26.62265pt too wide) in alignment at lines 2514--2519
 [] [] [] [] [] 
 []


Overfull \hbox (26.62265pt too wide) in alignment at lines 2519--2521
 [] [] [] [] [] 
 []


Overfull \hbox (26.62265pt too wide) in alignment at lines 2521--2526
 [] [] [] [] [] 
 []


Overfull \hbox (26.62265pt too wide) in alignment at lines 2526--2540
 [] [] [] [] [] 
 []


Overfull \hbox (26.62265pt too wide) in alignment at lines 2548--2552
 [] [] [] [] [] 
 []


Overfull \hbox (26.62265pt too wide) in alignment at lines 2552--2557
 [] [] [] [] [] 
 []


Overfull \hbox (26.62265pt too wide) in alignment at lines 2557--2559
 [] [] [] [] [] 
 []


Overfull \hbox (26.62265pt too wide) in alignment at lines 2559--2564
 [] [] [] [] [] 
 []


Overfull \hbox (26.62265pt too wide) in alignment at lines 2564--2587
 [] [] [] [] [] 
 []

[38]
Overfull \hbox (26.62265pt too wide) in alignment at lines 2595--2599
 [] [] [] [] [] 
 []


Overfull \hbox (26.62265pt too wide) in alignment at lines 2599--2604
 [] [] [] [] [] 
 []


Overfull \hbox (26.62265pt too wide) in alignment at lines 2604--2606
 [] [] [] [] [] 
 []


Overfull \hbox (26.62265pt too wide) in alignment at lines 2606--2611
 [] [] [] [] [] 
 []


Overfull \hbox (26.62265pt too wide) in alignment at lines 2611--2620
 [] [] [] [] [] 
 []

[39]
Overfull \hbox (26.62265pt too wide) in alignment at lines 2628--2632
 [] [] [] [] [] 
 []


Overfull \hbox (26.62265pt too wide) in alignment at lines 2632--2637
 [] [] [] [] [] 
 []


Overfull \hbox (26.62265pt too wide) in alignment at lines 2637--2639
 [] [] [] [] [] 
 []


Overfull \hbox (26.62265pt too wide) in alignment at lines 2639--2644
 [] [] [] [] [] 
 []


Overfull \hbox (26.62265pt too wide) in alignment at lines 2644--2656
 [] [] [] [] [] 
 []


Overfull \hbox (26.62265pt too wide) in alignment at lines 2664--2668
 [] [] [] [] [] 
 []


Overfull \hbox (26.62265pt too wide) in alignment at lines 2668--2673
 [] [] [] [] [] 
 []


Overfull \hbox (26.62265pt too wide) in alignment at lines 2673--2675
 [] [] [] [] [] 
 []


Overfull \hbox (26.62265pt too wide) in alignment at lines 2675--2680
 [] [] [] [] [] 
 []


Overfull \hbox (26.62265pt too wide) in alignment at lines 2680--2692
 [] [] [] [] [] 
 []

[40]
Overfull \hbox (26.62265pt too wide) in alignment at lines 2700--2704
 [] [] [] [] [] 
 []


Overfull \hbox (26.62265pt too wide) in alignment at lines 2704--2709
 [] [] [] [] [] 
 []


Overfull \hbox (26.62265pt too wide) in alignment at lines 2709--2711
 [] [] [] [] [] 
 []


Overfull \hbox (26.62265pt too wide) in alignment at lines 2711--2716
 [] [] [] [] [] 
 []


Overfull \hbox (26.62265pt too wide) in alignment at lines 2716--2722
 [] [] [] [] [] 
 []


Overfull \hbox (26.62265pt too wide) in alignment at lines 2730--2734
 [] [] [] [] [] 
 []


Overfull \hbox (26.62265pt too wide) in alignment at lines 2734--2739
 [] [] [] [] [] 
 []


Overfull \hbox (26.62265pt too wide) in alignment at lines 2739--2741
 [] [] [] [] [] 
 []


Overfull \hbox (26.62265pt too wide) in alignment at lines 2741--2746
 [] [] [] [] [] 
 []


Overfull \hbox (26.62265pt too wide) in alignment at lines 2746--2755
 [] [] [] [] [] 
 []


Overfull \vbox (21.20999pt too high) has occurred while \output is active []

[41]
Overfull \hbox (26.62265pt too wide) in alignment at lines 2763--2767
 [] [] [] [] [] 
 []


Overfull \hbox (26.62265pt too wide) in alignment at lines 2767--2772
 [] [] [] [] [] 
 []


Overfull \hbox (26.62265pt too wide) in alignment at lines 2772--2774
 [] [] [] [] [] 
 []


Overfull \hbox (26.62265pt too wide) in alignment at lines 2774--2779
 [] [] [] [] [] 
 []


Overfull \hbox (26.62265pt too wide) in alignment at lines 2779--2783
 [] [] [] [] [] 
 []


Overfull \hbox (26.62265pt too wide) in alignment at lines 2791--2795
 [] [] [] [] [] 
 []


Overfull \hbox (26.62265pt too wide) in alignment at lines 2795--2800
 [] [] [] [] [] 
 []


Overfull \hbox (26.62265pt too wide) in alignment at lines 2800--2802
 [] [] [] [] [] 
 []


Overfull \hbox (26.62265pt too wide) in alignment at lines 2802--2807
 [] [] [] [] [] 
 []


Overfull \hbox (26.62265pt too wide) in alignment at lines 2807--2830
 [] [] [] [] [] 
 []

[42]
Overfull \hbox (26.62265pt too wide) in alignment at lines 2838--2842
 [] [] [] [] [] 
 []


Overfull \hbox (26.62265pt too wide) in alignment at lines 2842--2847
 [] [] [] [] [] 
 []


Overfull \hbox (26.62265pt too wide) in alignment at lines 2847--2849
 [] [] [] [] [] 
 []


Overfull \hbox (26.62265pt too wide) in alignment at lines 2849--2854
 [] [] [] [] [] 
 []


Overfull \hbox (26.62265pt too wide) in alignment at lines 2854--2877
 [] [] [] [] [] 
 []

[43]
Overfull \hbox (26.62265pt too wide) in alignment at lines 2885--2889
 [] [] [] [] [] 
 []


Overfull \hbox (26.62265pt too wide) in alignment at lines 2889--2894
 [] [] [] [] [] 
 []


Overfull \hbox (26.62265pt too wide) in alignment at lines 2894--2896
 [] [] [] [] [] 
 []


Overfull \hbox (26.62265pt too wide) in alignment at lines 2896--2901
 [] [] [] [] [] 
 []


Overfull \hbox (26.62265pt too wide) in alignment at lines 2901--2905
 [] [] [] [] [] 
 []


Overfull \hbox (26.62265pt too wide) in alignment at lines 2913--2917
 [] [] [] [] [] 
 []


Overfull \hbox (26.62265pt too wide) in alignment at lines 2917--2922
 [] [] [] [] [] 
 []


Overfull \hbox (26.62265pt too wide) in alignment at lines 2922--2924
 [] [] [] [] [] 
 []


Overfull \hbox (26.62265pt too wide) in alignment at lines 2924--2929
 [] [] [] [] [] 
 []


Overfull \hbox (26.62265pt too wide) in alignment at lines 2929--2933
 [] [] [] [] [] 
 []

[44]
Overfull \hbox (26.62265pt too wide) in alignment at lines 2947--2951
 [] [] [] [] [] 
 []


Overfull \hbox (26.62265pt too wide) in alignment at lines 2951--2956
 [] [] [] [] [] 
 []


Overfull \hbox (26.62265pt too wide) in alignment at lines 2956--2958
 [] [] [] [] [] 
 []


Overfull \hbox (26.62265pt too wide) in alignment at lines 2958--2963
 [] [] [] [] [] 
 []


Overfull \hbox (26.62265pt too wide) in alignment at lines 2963--2975
 [] [] [] [] [] 
 []


Overfull \hbox (26.62265pt too wide) in alignment at lines 2986--2990
 [] [] [] [] [] 
 []


Overfull \hbox (26.62265pt too wide) in alignment at lines 2990--2995
 [] [] [] [] [] 
 []


Overfull \hbox (26.62265pt too wide) in alignment at lines 2995--2997
 [] [] [] [] [] 
 []


Overfull \hbox (26.62265pt too wide) in alignment at lines 2997--3002
 [] [] [] [] [] 
 []


Overfull \hbox (26.62265pt too wide) in alignment at lines 3002--3024
 [] [] [] [] [] 
 []

[45]
Overfull \hbox (26.62265pt too wide) in alignment at lines 3035--3039
 [] [] [] [] [] 
 []


Overfull \hbox (26.62265pt too wide) in alignment at lines 3039--3044
 [] [] [] [] [] 
 []


Overfull \hbox (26.62265pt too wide) in alignment at lines 3044--3046
 [] [] [] [] [] 
 []


Overfull \hbox (26.62265pt too wide) in alignment at lines 3046--3051
 [] [] [] [] [] 
 []


Overfull \hbox (26.62265pt too wide) in alignment at lines 3051--3075
 [] [] [] [] [] 
 []


Overfull \hbox (26.62265pt too wide) in alignment at lines 3075--3091
 [] [] [] [] [] 
 []

[46]
Overfull \hbox (26.62265pt too wide) in alignment at lines 3104--3108
 [] [] [] [] [] 
 []


Overfull \hbox (26.62265pt too wide) in alignment at lines 3108--3113
 [] [] [] [] [] 
 []


Overfull \hbox (26.62265pt too wide) in alignment at lines 3113--3115
 [] [] [] [] [] 
 []


Overfull \hbox (26.62265pt too wide) in alignment at lines 3115--3120
 [] [] [] [] [] 
 []


Overfull \hbox (26.62265pt too wide) in alignment at lines 3120--3144
 [] [] [] [] [] 
 []


Overfull \hbox (26.62265pt too wide) in alignment at lines 3144--3168
 [] [] [] [] [] 
 []

[47]
Overfull \hbox (26.62265pt too wide) in alignment at lines 3168--3184
 [] [] [] [] [] 
 []

[48]
Overfull \hbox (211.1316pt too wide) in alignment at lines 3200--3204
 [] [] [] [] [] 
 []


Overfull \hbox (211.1316pt too wide) in alignment at lines 3204--3209
 [] [] [] [] [] 
 []


Overfull \hbox (211.1316pt too wide) in alignment at lines 3209--3211
 [] [] [] [] [] 
 []


Overfull \hbox (211.1316pt too wide) in alignment at lines 3211--3216
 [] [] [] [] [] 
 []


Overfull \hbox (211.1316pt too wide) in alignment at lines 3216--3231
 [] [] [] [] [] 
 []

[49]
Overfull \hbox (211.1316pt too wide) in alignment at lines 3239--3243
 [] [] [] [] [] 
 []


Overfull \hbox (211.1316pt too wide) in alignment at lines 3243--3248
 [] [] [] [] [] 
 []


Overfull \hbox (211.1316pt too wide) in alignment at lines 3248--3250
 [] [] [] [] [] 
 []


Overfull \hbox (211.1316pt too wide) in alignment at lines 3250--3255
 [] [] [] [] [] 
 []


Overfull \hbox (211.1316pt too wide) in alignment at lines 3255--3279
 [] [] [] [] [] 
 []


Overfull \hbox (211.1316pt too wide) in alignment at lines 3279--3291
 [] [] [] [] [] 
 []

[50]
Overfull \hbox (211.1316pt too wide) in alignment at lines 3299--3303
 [] [] [] [] [] 
 []


Overfull \hbox (211.1316pt too wide) in alignment at lines 3303--3308
 [] [] [] [] [] 
 []


Overfull \hbox (211.1316pt too wide) in alignment at lines 3308--3310
 [] [] [] [] [] 
 []


Overfull \hbox (211.1316pt too wide) in alignment at lines 3310--3315
 [] [] [] [] [] 
 []


Overfull \hbox (211.1316pt too wide) in alignment at lines 3315--3323
 [] [] [] [] [] 
 []


Overfull \hbox (211.1316pt too wide) in alignment at lines 3331--3335
 [] [] [] [] [] 
 []


Overfull \hbox (211.1316pt too wide) in alignment at lines 3335--3340
 [] [] [] [] [] 
 []


Overfull \hbox (211.1316pt too wide) in alignment at lines 3340--3342
 [] [] [] [] [] 
 []


Overfull \hbox (211.1316pt too wide) in alignment at lines 3342--3347
 [] [] [] [] [] 
 []


Overfull \hbox (211.1316pt too wide) in alignment at lines 3347--3357
 [] [] [] [] [] 
 []

[51]
Overfull \hbox (211.1316pt too wide) in alignment at lines 3365--3369
 [] [] [] [] [] 
 []


Overfull \hbox (211.1316pt too wide) in alignment at lines 3369--3374
 [] [] [] [] [] 
 []


Overfull \hbox (211.1316pt too wide) in alignment at lines 3374--3376
 [] [] [] [] [] 
 []


Overfull \hbox (211.1316pt too wide) in alignment at lines 3376--3381
 [] [] [] [] [] 
 []


Overfull \hbox (211.1316pt too wide) in alignment at lines 3381--3401
 [] [] [] [] [] 
 []


Overfull \hbox (211.1316pt too wide) in alignment at lines 3409--3413
 [] [] [] [] [] 
 []


Overfull \hbox (211.1316pt too wide) in alignment at lines 3413--3418
 [] [] [] [] [] 
 []


Overfull \hbox (211.1316pt too wide) in alignment at lines 3418--3420
 [] [] [] [] [] 
 []


Overfull \hbox (211.1316pt too wide) in alignment at lines 3420--3425
 [] [] [] [] [] 
 []


Overfull \hbox (211.1316pt too wide) in alignment at lines 3425--3445
 [] [] [] [] [] 
 []

[52]
Overfull \hbox (211.1316pt too wide) in alignment at lines 3453--3457
 [] [] [] [] [] 
 []


Overfull \hbox (211.1316pt too wide) in alignment at lines 3457--3462
 [] [] [] [] [] 
 []


Overfull \hbox (211.1316pt too wide) in alignment at lines 3462--3464
 [] [] [] [] [] 
 []


Overfull \hbox (211.1316pt too wide) in alignment at lines 3464--3469
 [] [] [] [] [] 
 []


Overfull \hbox (211.1316pt too wide) in alignment at lines 3469--3493
 [] [] [] [] [] 
 []


Overfull \hbox (211.1316pt too wide) in alignment at lines 3493--3496
 [] [] [] [] [] 
 []


Overfull \vbox (6.1823pt too high) has occurred while \output is active []

[53]
Overfull \hbox (211.1316pt too wide) in alignment at lines 3504--3508
 [] [] [] [] [] 
 []


Overfull \hbox (211.1316pt too wide) in alignment at lines 3508--3513
 [] [] [] [] [] 
 []


Overfull \hbox (211.1316pt too wide) in alignment at lines 3513--3515
 [] [] [] [] [] 
 []


Overfull \hbox (211.1316pt too wide) in alignment at lines 3515--3520
 [] [] [] [] [] 
 []


Overfull \hbox (211.1316pt too wide) in alignment at lines 3520--3544
 [] [] [] [] [] 
 []


Overfull \hbox (211.1316pt too wide) in alignment at lines 3544--3547
 [] [] [] [] [] 
 []


Overfull \hbox (211.1316pt too wide) in alignment at lines 3555--3559
 [] [] [] [] [] 
 []


Overfull \hbox (211.1316pt too wide) in alignment at lines 3559--3564
 [] [] [] [] [] 
 []


Overfull \hbox (211.1316pt too wide) in alignment at lines 3564--3566
 [] [] [] [] [] 
 []


Overfull \hbox (211.1316pt too wide) in alignment at lines 3566--3571
 [] [] [] [] [] 
 []


Overfull \hbox (211.1316pt too wide) in alignment at lines 3571--3595
 [] [] [] [] [] 
 []


Overfull \hbox (211.1316pt too wide) in alignment at lines 3595--3598
 [] [] [] [] [] 
 []

[54]
Overfull \hbox (211.1316pt too wide) in alignment at lines 3606--3610
 [] [] [] [] [] 
 []


Overfull \hbox (211.1316pt too wide) in alignment at lines 3610--3615
 [] [] [] [] [] 
 []


Overfull \hbox (211.1316pt too wide) in alignment at lines 3615--3617
 [] [] [] [] [] 
 []


Overfull \hbox (211.1316pt too wide) in alignment at lines 3617--3622
 [] [] [] [] [] 
 []


Overfull \hbox (211.1316pt too wide) in alignment at lines 3622--3646
 [] [] [] [] [] 
 []


Overfull \hbox (211.1316pt too wide) in alignment at lines 3646--3668
 [] [] [] [] [] 
 []

[55] [56]
Overfull \hbox (211.1316pt too wide) in alignment at lines 3676--3680
 [] [] [] [] [] 
 []


Overfull \hbox (211.1316pt too wide) in alignment at lines 3680--3685
 [] [] [] [] [] 
 []


Overfull \hbox (211.1316pt too wide) in alignment at lines 3685--3687
 [] [] [] [] [] 
 []


Overfull \hbox (211.1316pt too wide) in alignment at lines 3687--3692
 [] [] [] [] [] 
 []


Overfull \hbox (211.1316pt too wide) in alignment at lines 3692--3709
 [] [] [] [] [] 
 []

[57]
Overfull \hbox (211.1316pt too wide) in alignment at lines 3717--3721
 [] [] [] [] [] 
 []


Overfull \hbox (211.1316pt too wide) in alignment at lines 3721--3726
 [] [] [] [] [] 
 []


Overfull \hbox (211.1316pt too wide) in alignment at lines 3726--3728
 [] [] [] [] [] 
 []


Overfull \hbox (211.1316pt too wide) in alignment at lines 3728--3733
 [] [] [] [] [] 
 []


Overfull \hbox (211.1316pt too wide) in alignment at lines 3733--3757
 [] [] [] [] [] 
 []


Overfull \hbox (211.1316pt too wide) in alignment at lines 3757--3757
 [] [] [] [] [] 
 []

[58]
Overfull \hbox (211.1316pt too wide) in alignment at lines 3765--3769
 [] [] [] [] [] 
 []


Overfull \hbox (211.1316pt too wide) in alignment at lines 3769--3774
 [] [] [] [] [] 
 []


Overfull \hbox (211.1316pt too wide) in alignment at lines 3774--3776
 [] [] [] [] [] 
 []


Overfull \hbox (211.1316pt too wide) in alignment at lines 3776--3781
 [] [] [] [] [] 
 []


Overfull \hbox (211.1316pt too wide) in alignment at lines 3781--3805
 [] [] [] [] [] 
 []


Overfull \hbox (211.1316pt too wide) in alignment at lines 3805--3805
 [] [] [] [] [] 
 []

[59]
Overfull \hbox (211.1316pt too wide) in alignment at lines 3813--3817
 [] [] [] [] [] 
 []


Overfull \hbox (211.1316pt too wide) in alignment at lines 3817--3822
 [] [] [] [] [] 
 []


Overfull \hbox (211.1316pt too wide) in alignment at lines 3822--3824
 [] [] [] [] [] 
 []


Overfull \hbox (211.1316pt too wide) in alignment at lines 3824--3829
 [] [] [] [] [] 
 []


Overfull \hbox (211.1316pt too wide) in alignment at lines 3829--3841
 [] [] [] [] [] 
 []


Overfull \hbox (211.1316pt too wide) in alignment at lines 3849--3853
 [] [] [] [] [] 
 []


Overfull \hbox (211.1316pt too wide) in alignment at lines 3853--3858
 [] [] [] [] [] 
 []


Overfull \hbox (211.1316pt too wide) in alignment at lines 3858--3860
 [] [] [] [] [] 
 []


Overfull \hbox (211.1316pt too wide) in alignment at lines 3860--3865
 [] [] [] [] [] 
 []


Overfull \hbox (211.1316pt too wide) in alignment at lines 3865--3882
 [] [] [] [] [] 
 []

[60]
Overfull \hbox (211.1316pt too wide) in alignment at lines 3890--3894
 [] [] [] [] [] 
 []


Overfull \hbox (211.1316pt too wide) in alignment at lines 3894--3899
 [] [] [] [] [] 
 []


Overfull \hbox (211.1316pt too wide) in alignment at lines 3899--3901
 [] [] [] [] [] 
 []


Overfull \hbox (211.1316pt too wide) in alignment at lines 3901--3906
 [] [] [] [] [] 
 []


Overfull \hbox (211.1316pt too wide) in alignment at lines 3906--3914
 [] [] [] [] [] 
 []


Overfull \hbox (211.1316pt too wide) in alignment at lines 3922--3926
 [] [] [] [] [] 
 []


Overfull \hbox (211.1316pt too wide) in alignment at lines 3926--3931
 [] [] [] [] [] 
 []


Overfull \hbox (211.1316pt too wide) in alignment at lines 3931--3933
 [] [] [] [] [] 
 []


Overfull \hbox (211.1316pt too wide) in alignment at lines 3933--3938
 [] [] [] [] [] 
 []


Overfull \hbox (211.1316pt too wide) in alignment at lines 3938--3962
 [] [] [] [] [] 
 []


Overfull \hbox (211.1316pt too wide) in alignment at lines 3962--3984
 [] [] [] [] [] 
 []

[61] [62] [63]
Overfull \hbox (211.1316pt too wide) in alignment at lines 3992--3996
 [] [] [] [] [] 
 []


Overfull \hbox (211.1316pt too wide) in alignment at lines 3996--4001
 [] [] [] [] [] 
 []


Overfull \hbox (211.1316pt too wide) in alignment at lines 4001--4003
 [] [] [] [] [] 
 []


Overfull \hbox (211.1316pt too wide) in alignment at lines 4003--4008
 [] [] [] [] [] 
 []


Overfull \hbox (211.1316pt too wide) in alignment at lines 4008--4032
 [] [] [] [] [] 
 []


Overfull \hbox (211.1316pt too wide) in alignment at lines 4032--4054
 [] [] [] [] [] 
 []

[64] [65]
Overfull \hbox (211.1316pt too wide) in alignment at lines 4062--4066
 [] [] [] [] [] 
 []


Overfull \hbox (211.1316pt too wide) in alignment at lines 4066--4071
 [] [] [] [] [] 
 []


Overfull \hbox (211.1316pt too wide) in alignment at lines 4071--4073
 [] [] [] [] [] 
 []


Overfull \hbox (211.1316pt too wide) in alignment at lines 4073--4078
 [] [] [] [] [] 
 []


Overfull \hbox (211.1316pt too wide) in alignment at lines 4078--4090
 [] [] [] [] [] 
 []


Overfull \hbox (211.1316pt too wide) in alignment at lines 4098--4102
 [] [] [] [] [] 
 []


Overfull \hbox (211.1316pt too wide) in alignment at lines 4102--4107
 [] [] [] [] [] 
 []


Overfull \hbox (211.1316pt too wide) in alignment at lines 4107--4109
 [] [] [] [] [] 
 []


Overfull \hbox (211.1316pt too wide) in alignment at lines 4109--4114
 [] [] [] [] [] 
 []


Overfull \hbox (211.1316pt too wide) in alignment at lines 4114--4122
 [] [] [] [] [] 
 []

[66]
Overfull \hbox (211.1316pt too wide) in alignment at lines 4136--4140
 [] [] [] [] [] 
 []


Overfull \hbox (211.1316pt too wide) in alignment at lines 4140--4145
 [] [] [] [] [] 
 []


Overfull \hbox (211.1316pt too wide) in alignment at lines 4145--4147
 [] [] [] [] [] 
 []


Overfull \hbox (211.1316pt too wide) in alignment at lines 4147--4152
 [] [] [] [] [] 
 []


Overfull \hbox (211.1316pt too wide) in alignment at lines 4152--4176
 [] [] [] [] [] 
 []


Overfull \hbox (211.1316pt too wide) in alignment at lines 4176--4176
 [] [] [] [] [] 
 []


Overfull \hbox (211.1316pt too wide) in alignment at lines 4187--4191
 [] [] [] [] [] 
 []


Overfull \hbox (211.1316pt too wide) in alignment at lines 4191--4196
 [] [] [] [] [] 
 []


Overfull \hbox (211.1316pt too wide) in alignment at lines 4196--4198
 [] [] [] [] [] 
 []


Overfull \hbox (211.1316pt too wide) in alignment at lines 4198--4203
 [] [] [] [] [] 
 []


Overfull \hbox (211.1316pt too wide) in alignment at lines 4203--4227
 [] [] [] [] [] 
 []


Overfull \hbox (211.1316pt too wide) in alignment at lines 4227--4247
 [] [] [] [] [] 
 []

[67] [68]
Overfull \hbox (211.1316pt too wide) in alignment at lines 4258--4262
 [] [] [] [] [] 
 []


Overfull \hbox (211.1316pt too wide) in alignment at lines 4262--4267
 [] [] [] [] [] 
 []


Overfull \hbox (211.1316pt too wide) in alignment at lines 4267--4269
 [] [] [] [] [] 
 []


Overfull \hbox (211.1316pt too wide) in alignment at lines 4269--4274
 [] [] [] [] [] 
 []


Overfull \hbox (211.1316pt too wide) in alignment at lines 4274--4298
 [] [] [] [] [] 
 []


Overfull \hbox (211.1316pt too wide) in alignment at lines 4298--4322
 [] [] [] [] [] 
 []


Overfull \hbox (211.1316pt too wide) in alignment at lines 4322--4346
 [] [] [] [] [] 
 []

[69]
Overfull \hbox (211.1316pt too wide) in alignment at lines 4346--4354
 [] [] [] [] [] 
 []

[70]
Overfull \hbox (211.1316pt too wide) in alignment at lines 4367--4371
 [] [] [] [] [] 
 []


Overfull \hbox (211.1316pt too wide) in alignment at lines 4371--4376
 [] [] [] [] [] 
 []


Overfull \hbox (211.1316pt too wide) in alignment at lines 4376--4378
 [] [] [] [] [] 
 []


Overfull \hbox (211.1316pt too wide) in alignment at lines 4378--4383
 [] [] [] [] [] 
 []


Overfull \hbox (211.1316pt too wide) in alignment at lines 4383--4407
 [] [] [] [] [] 
 []


Overfull \hbox (211.1316pt too wide) in alignment at lines 4407--4431
 [] [] [] [] [] 
 []

[71]
Overfull \hbox (211.1316pt too wide) in alignment at lines 4431--4455
 [] [] [] [] [] 
 []


Overfull \hbox (211.1316pt too wide) in alignment at lines 4455--4479
 [] [] [] [] [] 
 []

[72]
Overfull \hbox (211.1316pt too wide) in alignment at lines 4479--4503
 [] [] [] [] [] 
 []


Overfull \hbox (211.1316pt too wide) in alignment at lines 4503--4515
 [] [] [] [] [] 
 []

[73] [74]
Overfull \hbox (211.1316pt too wide) in alignment at lines 4531--4535
 [] [] [] [] [] 
 []


Overfull \hbox (211.1316pt too wide) in alignment at lines 4535--4540
 [] [] [] [] [] 
 []


Overfull \hbox (211.1316pt too wide) in alignment at lines 4540--4542
 [] [] [] [] [] 
 []


Overfull \hbox (211.1316pt too wide) in alignment at lines 4542--4547
 [] [] [] [] [] 
 []


Overfull \hbox (211.1316pt too wide) in alignment at lines 4547--4556
 [] [] [] [] [] 
 []


Overfull \hbox (211.1316pt too wide) in alignment at lines 4564--4568
 [] [] [] [] [] 
 []


Overfull \hbox (211.1316pt too wide) in alignment at lines 4568--4573
 [] [] [] [] [] 
 []


Overfull \hbox (211.1316pt too wide) in alignment at lines 4573--4575
 [] [] [] [] [] 
 []


Overfull \hbox (211.1316pt too wide) in alignment at lines 4575--4580
 [] [] [] [] [] 
 []


Overfull \hbox (211.1316pt too wide) in alignment at lines 4580--4600
 [] [] [] [] [] 
 []

[75]
Overfull \hbox (211.1316pt too wide) in alignment at lines 4608--4612
 [] [] [] [] [] 
 []


Overfull \hbox (211.1316pt too wide) in alignment at lines 4612--4617
 [] [] [] [] [] 
 []


Overfull \hbox (211.1316pt too wide) in alignment at lines 4617--4619
 [] [] [] [] [] 
 []


Overfull \hbox (211.1316pt too wide) in alignment at lines 4619--4624
 [] [] [] [] [] 
 []


Overfull \hbox (211.1316pt too wide) in alignment at lines 4624--4629
 [] [] [] [] [] 
 []


Overfull \hbox (211.1316pt too wide) in alignment at lines 4637--4641
 [] [] [] [] [] 
 []


Overfull \hbox (211.1316pt too wide) in alignment at lines 4641--4646
 [] [] [] [] [] 
 []


Overfull \hbox (211.1316pt too wide) in alignment at lines 4646--4648
 [] [] [] [] [] 
 []


Overfull \hbox (211.1316pt too wide) in alignment at lines 4648--4653
 [] [] [] [] [] 
 []


Overfull \hbox (211.1316pt too wide) in alignment at lines 4653--4659
 [] [] [] [] [] 
 []


Overfull \hbox (211.1316pt too wide) in alignment at lines 4667--4671
 [] [] [] [] [] 
 []


Overfull \hbox (211.1316pt too wide) in alignment at lines 4671--4676
 [] [] [] [] [] 
 []


Overfull \hbox (211.1316pt too wide) in alignment at lines 4676--4678
 [] [] [] [] [] 
 []


Overfull \hbox (211.1316pt too wide) in alignment at lines 4678--4683
 [] [] [] [] [] 
 []


Overfull \hbox (211.1316pt too wide) in alignment at lines 4683--4694
 [] [] [] [] [] 
 []

[76]
Overfull \hbox (211.1316pt too wide) in alignment at lines 4702--4706
 [] [] [] [] [] 
 []


Overfull \hbox (211.1316pt too wide) in alignment at lines 4706--4711
 [] [] [] [] [] 
 []


Overfull \hbox (211.1316pt too wide) in alignment at lines 4711--4713
 [] [] [] [] [] 
 []


Overfull \hbox (211.1316pt too wide) in alignment at lines 4713--4718
 [] [] [] [] [] 
 []


Overfull \hbox (211.1316pt too wide) in alignment at lines 4718--4729
 [] [] [] [] [] 
 []


Overfull \hbox (211.1316pt too wide) in alignment at lines 4737--4741
 [] [] [] [] [] 
 []


Overfull \hbox (211.1316pt too wide) in alignment at lines 4741--4746
 [] [] [] [] [] 
 []


Overfull \hbox (211.1316pt too wide) in alignment at lines 4746--4748
 [] [] [] [] [] 
 []


Overfull \hbox (211.1316pt too wide) in alignment at lines 4748--4753
 [] [] [] [] [] 
 []


Overfull \hbox (211.1316pt too wide) in alignment at lines 4753--4768
 [] [] [] [] [] 
 []

[77]
Overfull \hbox (211.1316pt too wide) in alignment at lines 4776--4780
 [] [] [] [] [] 
 []


Overfull \hbox (211.1316pt too wide) in alignment at lines 4780--4785
 [] [] [] [] [] 
 []


Overfull \hbox (211.1316pt too wide) in alignment at lines 4785--4787
 [] [] [] [] [] 
 []


Overfull \hbox (211.1316pt too wide) in alignment at lines 4787--4792
 [] [] [] [] [] 
 []


Overfull \hbox (211.1316pt too wide) in alignment at lines 4792--4807
 [] [] [] [] [] 
 []

[78]
Overfull \hbox (211.1316pt too wide) in alignment at lines 4815--4819
 [] [] [] [] [] 
 []


Overfull \hbox (211.1316pt too wide) in alignment at lines 4819--4824
 [] [] [] [] [] 
 []


Overfull \hbox (211.1316pt too wide) in alignment at lines 4824--4826
 [] [] [] [] [] 
 []


Overfull \hbox (211.1316pt too wide) in alignment at lines 4826--4831
 [] [] [] [] [] 
 []


Overfull \hbox (211.1316pt too wide) in alignment at lines 4831--4846
 [] [] [] [] [] 
 []


Overfull \hbox (211.1316pt too wide) in alignment at lines 4854--4858
 [] [] [] [] [] 
 []


Overfull \hbox (211.1316pt too wide) in alignment at lines 4858--4863
 [] [] [] [] [] 
 []


Overfull \hbox (211.1316pt too wide) in alignment at lines 4863--4865
 [] [] [] [] [] 
 []


Overfull \hbox (211.1316pt too wide) in alignment at lines 4865--4870
 [] [] [] [] [] 
 []


Overfull \hbox (211.1316pt too wide) in alignment at lines 4870--4894
 [] [] [] [] [] 
 []


Overfull \hbox (211.1316pt too wide) in alignment at lines 4894--4894
 [] [] [] [] [] 
 []

[79]
Overfull \hbox (211.1316pt too wide) in alignment at lines 4902--4906
 [] [] [] [] [] 
 []


Overfull \hbox (211.1316pt too wide) in alignment at lines 4906--4911
 [] [] [] [] [] 
 []


Overfull \hbox (211.1316pt too wide) in alignment at lines 4911--4913
 [] [] [] [] [] 
 []


Overfull \hbox (211.1316pt too wide) in alignment at lines 4913--4918
 [] [] [] [] [] 
 []


Overfull \hbox (211.1316pt too wide) in alignment at lines 4918--4928
 [] [] [] [] [] 
 []

[80]
Overfull \hbox (211.1316pt too wide) in alignment at lines 4936--4940
 [] [] [] [] [] 
 []


Overfull \hbox (211.1316pt too wide) in alignment at lines 4940--4945
 [] [] [] [] [] 
 []


Overfull \hbox (211.1316pt too wide) in alignment at lines 4945--4947
 [] [] [] [] [] 
 []


Overfull \hbox (211.1316pt too wide) in alignment at lines 4947--4952
 [] [] [] [] [] 
 []


Overfull \hbox (211.1316pt too wide) in alignment at lines 4952--4966
 [] [] [] [] [] 
 []


Overfull \hbox (211.1316pt too wide) in alignment at lines 4974--4978
 [] [] [] [] [] 
 []


Overfull \hbox (211.1316pt too wide) in alignment at lines 4978--4983
 [] [] [] [] [] 
 []


Overfull \hbox (211.1316pt too wide) in alignment at lines 4983--4985
 [] [] [] [] [] 
 []


Overfull \hbox (211.1316pt too wide) in alignment at lines 4985--4990
 [] [] [] [] [] 
 []


Overfull \hbox (211.1316pt too wide) in alignment at lines 4990--5004
 [] [] [] [] [] 
 []

[81]
Overfull \hbox (211.1316pt too wide) in alignment at lines 5012--5016
 [] [] [] [] [] 
 []


Overfull \hbox (211.1316pt too wide) in alignment at lines 5016--5021
 [] [] [] [] [] 
 []


Overfull \hbox (211.1316pt too wide) in alignment at lines 5021--5023
 [] [] [] [] [] 
 []


Overfull \hbox (211.1316pt too wide) in alignment at lines 5023--5028
 [] [] [] [] [] 
 []


Overfull \hbox (211.1316pt too wide) in alignment at lines 5028--5036
 [] [] [] [] [] 
 []

[82]
Overfull \hbox (211.1316pt too wide) in alignment at lines 5044--5048
 [] [] [] [] [] 
 []


Overfull \hbox (211.1316pt too wide) in alignment at lines 5048--5053
 [] [] [] [] [] 
 []


Overfull \hbox (211.1316pt too wide) in alignment at lines 5053--5055
 [] [] [] [] [] 
 []


Overfull \hbox (211.1316pt too wide) in alignment at lines 5055--5060
 [] [] [] [] [] 
 []


Overfull \hbox (211.1316pt too wide) in alignment at lines 5060--5070
 [] [] [] [] [] 
 []


Overfull \hbox (211.1316pt too wide) in alignment at lines 5078--5082
 [] [] [] [] [] 
 []


Overfull \hbox (211.1316pt too wide) in alignment at lines 5082--5087
 [] [] [] [] [] 
 []


Overfull \hbox (211.1316pt too wide) in alignment at lines 5087--5089
 [] [] [] [] [] 
 []


Overfull \hbox (211.1316pt too wide) in alignment at lines 5089--5094
 [] [] [] [] [] 
 []


Overfull \hbox (211.1316pt too wide) in alignment at lines 5094--5099
 [] [] [] [] [] 
 []


Overfull \hbox (211.1316pt too wide) in alignment at lines 5107--5111
 [] [] [] [] [] 
 []


Overfull \hbox (211.1316pt too wide) in alignment at lines 5111--5116
 [] [] [] [] [] 
 []


Overfull \hbox (211.1316pt too wide) in alignment at lines 5116--5118
 [] [] [] [] [] 
 []


Overfull \hbox (211.1316pt too wide) in alignment at lines 5118--5123
 [] [] [] [] [] 
 []


Overfull \hbox (211.1316pt too wide) in alignment at lines 5123--5147
 [] [] [] [] [] 
 []


Overfull \hbox (211.1316pt too wide) in alignment at lines 5147--5147
 [] [] [] [] [] 
 []

[83]
Overfull \vbox (3.15001pt too high) has occurred while \output is active []

[84]
Overfull \hbox (211.1316pt too wide) in alignment at lines 5155--5159
 [] [] [] [] [] 
 []


Overfull \hbox (211.1316pt too wide) in alignment at lines 5159--5164
 [] [] [] [] [] 
 []


Overfull \hbox (211.1316pt too wide) in alignment at lines 5164--5166
 [] [] [] [] [] 
 []


Overfull \hbox (211.1316pt too wide) in alignment at lines 5166--5171
 [] [] [] [] [] 
 []


Overfull \hbox (211.1316pt too wide) in alignment at lines 5171--5195
 [] [] [] [] [] 
 []


Overfull \hbox (211.1316pt too wide) in alignment at lines 5195--5195
 [] [] [] [] [] 
 []

[85]
Overfull \hbox (211.1316pt too wide) in alignment at lines 5203--5207
 [] [] [] [] [] 
 []


Overfull \hbox (211.1316pt too wide) in alignment at lines 5207--5212
 [] [] [] [] [] 
 []


Overfull \hbox (211.1316pt too wide) in alignment at lines 5212--5214
 [] [] [] [] [] 
 []


Overfull \hbox (211.1316pt too wide) in alignment at lines 5214--5219
 [] [] [] [] [] 
 []


Overfull \hbox (211.1316pt too wide) in alignment at lines 5219--5227
 [] [] [] [] [] 
 []


Overfull \hbox (211.1316pt too wide) in alignment at lines 5235--5239
 [] [] [] [] [] 
 []


Overfull \hbox (211.1316pt too wide) in alignment at lines 5239--5244
 [] [] [] [] [] 
 []


Overfull \hbox (211.1316pt too wide) in alignment at lines 5244--5246
 [] [] [] [] [] 
 []


Overfull \hbox (211.1316pt too wide) in alignment at lines 5246--5251
 [] [] [] [] [] 
 []


Overfull \hbox (211.1316pt too wide) in alignment at lines 5251--5256
 [] [] [] [] [] 
 []


Overfull \hbox (211.1316pt too wide) in alignment at lines 5270--5274
 [] [] [] [] [] 
 []


Overfull \hbox (211.1316pt too wide) in alignment at lines 5274--5279
 [] [] [] [] [] 
 []


Overfull \hbox (211.1316pt too wide) in alignment at lines 5279--5281
 [] [] [] [] [] 
 []


Overfull \hbox (211.1316pt too wide) in alignment at lines 5281--5286
 [] [] [] [] [] 
 []


Overfull \hbox (211.1316pt too wide) in alignment at lines 5286--5300
 [] [] [] [] [] 
 []

[86]
Overfull \hbox (211.1316pt too wide) in alignment at lines 5311--5315
 [] [] [] [] [] 
 []


Overfull \hbox (211.1316pt too wide) in alignment at lines 5315--5320
 [] [] [] [] [] 
 []


Overfull \hbox (211.1316pt too wide) in alignment at lines 5320--5322
 [] [] [] [] [] 
 []


Overfull \hbox (211.1316pt too wide) in alignment at lines 5322--5327
 [] [] [] [] [] 
 []


Overfull \hbox (211.1316pt too wide) in alignment at lines 5327--5350
 [] [] [] [] [] 
 []

[87]
Overfull \hbox (211.1316pt too wide) in alignment at lines 5361--5365
 [] [] [] [] [] 
 []


Overfull \hbox (211.1316pt too wide) in alignment at lines 5365--5370
 [] [] [] [] [] 
 []


Overfull \hbox (211.1316pt too wide) in alignment at lines 5370--5372
 [] [] [] [] [] 
 []


Overfull \hbox (211.1316pt too wide) in alignment at lines 5372--5377
 [] [] [] [] [] 
 []


Overfull \hbox (211.1316pt too wide) in alignment at lines 5377--5401
 [] [] [] [] [] 
 []


Overfull \hbox (211.1316pt too wide) in alignment at lines 5401--5418
 [] [] [] [] [] 
 []

[88]
Overfull \hbox (211.1316pt too wide) in alignment at lines 5431--5435
 [] [] [] [] [] 
 []


Overfull \hbox (211.1316pt too wide) in alignment at lines 5435--5440
 [] [] [] [] [] 
 []


Overfull \hbox (211.1316pt too wide) in alignment at lines 5440--5442
 [] [] [] [] [] 
 []


Overfull \hbox (211.1316pt too wide) in alignment at lines 5442--5447
 [] [] [] [] [] 
 []


Overfull \hbox (211.1316pt too wide) in alignment at lines 5447--5471
 [] [] [] [] [] 
 []


Overfull \hbox (211.1316pt too wide) in alignment at lines 5471--5495
 [] [] [] [] [] 
 []

[89]
Overfull \hbox (211.1316pt too wide) in alignment at lines 5495--5515
 [] [] [] [] [] 
 []

[90] [91]
<modeles4_files/figure-latex/unnamed-chunk-126-1.pdf, id=639, 361.35pt x 216.81
pt>
File: modeles4_files/figure-latex/unnamed-chunk-126-1.pdf Graphic file (type pd
f)
<use modeles4_files/figure-latex/unnamed-chunk-126-1.pdf>
Package pdftex.def Info: modeles4_files/figure-latex/unnamed-chunk-126-1.pdf  u
sed on input line 5564.
(pdftex.def)             Requested size: 361.34912pt x 216.80946pt.

Overfull \hbox (7.6944pt too wide) in paragraph at lines 5596--5596
\T1/lmr/m/n/10.95 (-20) subj_pauvrete_et_risque|  
 []

[92 <./modeles4_files/figure-latex/unnamed-chunk-126-1.pdf>] [93] [94] [95]
Overfull \hbox (7.6944pt too wide) in paragraph at lines 5802--5802
\T1/lmr/m/n/10.95 (-20) subj_pauvrete_et_risque|  
 []

[96] [97]
Overfull \hbox (7.6944pt too wide) in paragraph at lines 5912--5912
\T1/lmr/m/n/10.95 (-20) subj_pauvrete_et_risque|  
 []

[98] [99] [100] [101]
Package atveryend Info: Empty hook `BeforeClearDocument' on input line 6003.
Package atveryend Info: Empty hook `AfterLastShipout' on input line 6003.
(modeles4.aux)
Package atveryend Info: Executing hook `AtVeryEndDocument' on input line 6003.
Package atveryend Info: Empty hook `AtEndAfterFileList' on input line 6003.

LaTeX Warning: There were undefined references.

 ) 
Here is how much of TeX's memory you used:
 29269 strings out of 480892
 521059 string characters out of 2908095
 837979 words of memory out of 3000000
 44228 multiletter control sequences out of 15000+200000
 596492 words of font info for 102 fonts, out of 3000000 for 9000
 1141 hyphenation exceptions out of 8191
 59i,8n,75p,893b,521s stack positions out of 5000i,500n,10000p,200000b,50000s
{C:/Program Files/MiKTeX 2.9/fonts/enc/dvips/lm/lm-ec.enc}{C:/Program Files/M
iKTeX 2.9/fonts/enc/dvips/fontawesome5/fa5free0.enc}{C:/Program Files/MiKTeX 2.
9/fonts/enc/dvips/lm/lm-rm.enc}{C:/Program Files/MiKTeX 2.9/fonts/enc/dvips/lm/
lm-mathit.enc}{C:/Program Files/MiKTeX 2.9/fonts/enc/dvips/lm/lm-ts1.enc}<C:/Pr
ogram Files/MiKTeX 2.9/fonts/type1/public/fontawesome5/FontAwesome5Free-Solid.p
fb><C:/Program Files/MiKTeX 2.9/fonts/type1/public/lm/lmbx10.pfb><C:/Program Fi
les/MiKTeX 2.9/fonts/type1/public/lm/lmbx12.pfb><C:/Program Files/MiKTeX 2.9/fo
nts/type1/public/lm/lmmi10.pfb><C:/Program Files/MiKTeX 2.9/fonts/type1/public/
lm/lmr10.pfb><C:/Program Files/MiKTeX 2.9/fonts/type1/public/lm/lmr12.pfb><C:/P
rogram Files/MiKTeX 2.9/fonts/type1/public/lm/lmr17.pfb><C:/Program Files/MiKTe
X 2.9/fonts/type1/public/lm/lmr8.pfb><C:/Program Files/MiKTeX 2.9/fonts/type1/p
ublic/lm/lmr9.pfb><C:/Program Files/MiKTeX 2.9/fonts/type1/public/lm/lmri10.pfb
><C:/Program Files/MiKTeX 2.9/fonts/type1/public/lm/lmri8.pfb><C:/Program Files
/MiKTeX 2.9/fonts/type1/public/lm/lmri9.pfb><C:/Program Files/MiKTeX 2.9/fonts/
type1/public/lm/lmtt10.pfb><C:/Program Files/MiKTeX 2.9/fonts/type1/public/lm/l
mtti10.pfb>
Output written on modeles4.pdf (101 pages, 550819 bytes).
PDF statistics:
 864 PDF objects out of 1000 (max. 8388607)
 325 named destinations out of 1000 (max. 500000)
 14442 words of extra memory for PDF output out of 17280 (max. 10000000)

